info: ::ffff:127.0.0.1 - - [27/Jun/2022:06:51:32 +0000] "GET /api/v1/users/ HTTP/1.1" 200 40669 "-" "Thunder Client (https://www.thunderclient.com)"

info: ::ffff:127.0.0.1 - - [27/Jun/2022:06:51:48 +0000] "GET /api/v1/ HTTP/1.1" 200 9 "-" "Thunder Client (https://www.thunderclient.com)"

info: ::ffff:127.0.0.1 - - [27/Jun/2022:06:52:36 +0000] "GET /api/v1/ HTTP/1.1" 200 9 "-" "Thunder Client (https://www.thunderclient.com)"

info: ::1 - - [27/Jun/2022:09:00:52 +0000] "GET /api/v1/ HTTP/1.1" 200 9 "-" "PostmanRuntime/7.29.0"

info: ::1 - - [27/Jun/2022:09:03:31 +0000] "POST /api/v1/users HTTP/1.1" 201 276 "-" "PostmanRuntime/7.29.0"

info: ::1 - - [27/Jun/2022:09:04:10 +0000] "POST /api/v1/users HTTP/1.1" 201 276 "-" "PostmanRuntime/7.29.0"

info: ::1 - - [27/Jun/2022:09:04:41 +0000] "POST /api/v1/users HTTP/1.1" 201 284 "-" "PostmanRuntime/7.29.0"

info: ::1 - - [27/Jun/2022:09:05:18 +0000] "POST /api/v1/users HTTP/1.1" 201 267 "-" "PostmanRuntime/7.29.0"

info: ::1 - - [27/Jun/2022:09:11:25 +0000] "POST /api/v1/users HTTP/1.1" 500 81 "-" "PostmanRuntime/7.29.0"

info: ::1 - - [27/Jun/2022:09:12:38 +0000] "POST /api/v1/users HTTP/1.1" 500 56 "-" "PostmanRuntime/7.29.0"

info: ::1 - - [27/Jun/2022:09:17:19 +0000] "POST /api/v1/users HTTP/1.1" 201 320 "-" "PostmanRuntime/7.29.0"

info: ::1 - - [27/Jun/2022:09:18:04 +0000] "POST /api/v1/users HTTP/1.1" 201 319 "-" "PostmanRuntime/7.29.0"

info: ::1 - - [27/Jun/2022:09:18:40 +0000] "POST /api/v1/users HTTP/1.1" 500 66 "-" "PostmanRuntime/7.29.0"

info: ::1 - - [27/Jun/2022:09:18:50 +0000] "POST /api/v1/users HTTP/1.1" 201 321 "-" "PostmanRuntime/7.29.0"

info: ::1 - - [27/Jun/2022:09:49:28 +0000] "POST /api/v1/users/login HTTP/1.1" 400 53 "-" "PostmanRuntime/7.29.0"

info: ::1 - - [27/Jun/2022:09:50:04 +0000] "POST /api/v1/users/login HTTP/1.1" 400 53 "-" "PostmanRuntime/7.29.0"

info: ::1 - - [27/Jun/2022:09:50:09 +0000] "POST /api/v1/users/login HTTP/1.1" 400 53 "-" "PostmanRuntime/7.29.0"

info: ::1 - - [27/Jun/2022:09:50:13 +0000] "POST /api/v1/users/login HTTP/1.1" 400 53 "-" "PostmanRuntime/7.29.0"

info: ::1 - - [27/Jun/2022:09:50:49 +0000] "POST /api/v1/users/login HTTP/1.1" 400 53 "-" "PostmanRuntime/7.29.0"

info: ::1 - - [27/Jun/2022:09:52:56 +0000] "POST /api/v1/users/login HTTP/1.1" 400 33 "-" "PostmanRuntime/7.29.0"

info: ::1 - - [27/Jun/2022:09:53:58 +0000] "POST /api/v1/users/login HTTP/1.1" 400 33 "-" "PostmanRuntime/7.29.0"

info: ::1 - - [27/Jun/2022:09:53:59 +0000] "POST /api/v1/users/login HTTP/1.1" 400 33 "-" "PostmanRuntime/7.29.0"

info: ::1 - - [27/Jun/2022:09:54:08 +0000] "POST /api/v1/users/login HTTP/1.1" 400 33 "-" "PostmanRuntime/7.29.0"

info: ::1 - - [27/Jun/2022:09:54:48 +0000] "POST /api/v1/users/login HTTP/1.1" 400 33 "-" "PostmanRuntime/7.29.0"

info: ::1 - - [27/Jun/2022:09:54:50 +0000] "POST /api/v1/users/login HTTP/1.1" 400 33 "-" "PostmanRuntime/7.29.0"

info: ::1 - - [27/Jun/2022:09:54:51 +0000] "POST /api/v1/users/login HTTP/1.1" 400 33 "-" "PostmanRuntime/7.29.0"

info: ::1 - - [27/Jun/2022:09:57:15 +0000] "POST /api/v1/users HTTP/1.1" 201 319 "-" "PostmanRuntime/7.29.0"

info: ::1 - - [27/Jun/2022:09:57:28 +0000] "POST /api/v1/users/login HTTP/1.1" 400 33 "-" "PostmanRuntime/7.29.0"

info: ::1 - - [27/Jun/2022:09:59:56 +0000] "POST /api/v1/users/login HTTP/1.1" 200 520 "-" "PostmanRuntime/7.29.0"

info: ::1 - - [27/Jun/2022:10:01:42 +0000] "POST /api/v1/users/login HTTP/1.1" 200 162 "-" "PostmanRuntime/7.29.0"

info: ::1 - - [27/Jun/2022:10:02:36 +0000] "POST /api/v1/users/login HTTP/1.1" 200 182 "-" "PostmanRuntime/7.29.0"

info: ::1 - - [27/Jun/2022:10:03:09 +0000] "POST /api/v1/users/login HTTP/1.1" 200 520 "-" "PostmanRuntime/7.29.0"

info: ::1 - - [28/Jun/2022:02:53:40 +0000] "GET /api/v1/users/ HTTP/1.1" 200 1990 "-" "PostmanRuntime/7.29.0"

info: ::1 - - [28/Jun/2022:02:54:32 +0000] "POST /api/v1/users/login HTTP/1.1" 200 258 "-" "PostmanRuntime/7.29.0"

info: ::1 - - [28/Jun/2022:02:55:44 +0000] "POST /api/v1/users/login HTTP/1.1" 200 357 "-" "PostmanRuntime/7.29.0"

info: ::1 - - [28/Jun/2022:10:24:02 +0000] "POST /api/v1/ HTTP/1.1" 404 47 "-" "PostmanRuntime/7.29.0"

info: ::1 - - [28/Jun/2022:10:24:18 +0000] "GET /api/v1/ HTTP/1.1" 200 9 "-" "PostmanRuntime/7.29.0"

info: ::1 - - [28/Jun/2022:10:24:30 +0000] "POST /api/v1/users HTTP/1.1" 500 60 "-" "PostmanRuntime/7.29.0"

info: ::1 - - [28/Jun/2022:10:24:36 +0000] "GET /api/v1/users HTTP/1.1" 200 1990 "-" "PostmanRuntime/7.29.0"

info: ::1 - - [28/Jun/2022:10:26:45 +0000] "POST /api/v1/users HTTP/1.1" 201 316 "-" "PostmanRuntime/7.29.0"

info: ::1 - - [28/Jun/2022:10:27:11 +0000] "GET /api/v1/users/login HTTP/1.1" 400 56 "-" "PostmanRuntime/7.29.0"

info: ::1 - - [28/Jun/2022:10:28:55 +0000] "GET /api/v1/users/login HTTP/1.1" 400 56 "-" "PostmanRuntime/7.29.0"

info: ::1 - - [28/Jun/2022:10:29:05 +0000] "GET /api/v1/users/login HTTP/1.1" 400 56 "-" "PostmanRuntime/7.29.0"

info: ::1 - - [28/Jun/2022:10:29:14 +0000] "GET /api/v1/users HTTP/1.1" 200 2249 "-" "PostmanRuntime/7.29.0"

info: ::1 - - [28/Jun/2022:10:29:45 +0000] "GET /api/v1/users HTTP/1.1" 200 2249 "-" "PostmanRuntime/7.29.0"

info: ::1 - - [28/Jun/2022:10:29:57 +0000] "POST /api/v1/users/login HTTP/1.1" 200 356 "-" "PostmanRuntime/7.29.0"

info: ::1 - - [28/Jun/2022:10:31:36 +0000] "POST /api/v1/users/login HTTP/1.1" 200 389 "-" "PostmanRuntime/7.29.0"

info: ::1 - - [28/Jun/2022:10:34:40 +0000] "POST /api/v1/notes HTTP/1.1" 400 56 "-" "PostmanRuntime/7.29.0"

info: ::1 - - [28/Jun/2022:10:34:59 +0000] "GET /api/v1/notes HTTP/1.1" 404 47 "-" "PostmanRuntime/7.29.0"

info: ::1 - - [28/Jun/2022:10:35:06 +0000] "POST /api/v1/notes HTTP/1.1" 400 56 "-" "PostmanRuntime/7.29.0"

info: ::1 - - [28/Jun/2022:10:36:54 +0000] "POST /api/v1/notes HTTP/1.1" 400 56 "-" "PostmanRuntime/7.29.0"

info: ::1 - - [28/Jun/2022:10:36:56 +0000] "POST /api/v1/notes HTTP/1.1" 400 56 "-" "PostmanRuntime/7.29.0"

info: ::1 - - [28/Jun/2022:10:36:57 +0000] "POST /api/v1/notes HTTP/1.1" 400 56 "-" "PostmanRuntime/7.29.0"

info: ::1 - - [28/Jun/2022:10:36:58 +0000] "POST /api/v1/notes HTTP/1.1" 400 56 "-" "PostmanRuntime/7.29.0"

info: ::1 - - [28/Jun/2022:10:36:59 +0000] "POST /api/v1/notes HTTP/1.1" 400 56 "-" "PostmanRuntime/7.29.0"

info: ::1 - - [28/Jun/2022:10:37:01 +0000] "POST /api/v1/notes HTTP/1.1" 400 56 "-" "PostmanRuntime/7.29.0"

info: ::1 - - [28/Jun/2022:10:53:10 +0000] "POST /api/v1/notes HTTP/1.1" 201 248 "-" "PostmanRuntime/7.29.0"

info: ::1 - - [28/Jun/2022:11:29:51 +0000] "POST /api/v1/notes HTTP/1.1" 201 235 "-" "PostmanRuntime/7.29.0"

info: ::1 - - [28/Jun/2022:11:42:34 +0000] "GET /api/v1/notes HTTP/1.1" 200 247 "-" "PostmanRuntime/7.29.0"

info: ::1 - - [28/Jun/2022:11:42:57 +0000] "GET /api/v1/notes/ HTTP/1.1" 200 247 "-" "PostmanRuntime/7.29.0"

info: ::1 - - [28/Jun/2022:11:43:43 +0000] "POST /api/v1/notes HTTP/1.1" 201 239 "-" "PostmanRuntime/7.29.0"

info: ::1 - - [28/Jun/2022:11:44:28 +0000] "POST /api/v1/notes HTTP/1.1" 201 226 "-" "PostmanRuntime/7.29.0"

info: ::1 - - [28/Jun/2022:11:44:34 +0000] "GET /api/v1/notes HTTP/1.1" 200 238 "-" "PostmanRuntime/7.29.0"

info: ::1 - - [28/Jun/2022:11:44:47 +0000] "GET /api/v1/notes HTTP/1.1" 200 238 "-" "PostmanRuntime/7.29.0"

info: ::1 - - [28/Jun/2022:11:46:16 +0000] "GET /api/v1/notes HTTP/1.1" 500 22 "-" "PostmanRuntime/7.29.0"

info: ::1 - - [28/Jun/2022:11:46:47 +0000] "GET /api/v1/notes HTTP/1.1" 200 236 "-" "PostmanRuntime/7.29.0"

info: ::1 - - [28/Jun/2022:11:49:27 +0000] "GET /api/v1/notes HTTP/1.1" 200 258 "-" "PostmanRuntime/7.29.0"

info: ::1 - - [28/Jun/2022:11:49:47 +0000] "GET /api/v1/notes HTTP/1.1" 200 258 "-" "PostmanRuntime/7.29.0"

info: ::1 - - [28/Jun/2022:11:50:15 +0000] "GET /api/v1/notes HTTP/1.1" 200 804 "-" "PostmanRuntime/7.29.0"

info: ::1 - - [28/Jun/2022:12:00:09 +0000] "GET /api/v1/notes/62bae96f5995a02938b64936 HTTP/1.1" 500 22 "-" "PostmanRuntime/7.29.0"

info: ::1 - - [28/Jun/2022:12:00:38 +0000] "GET /api/v1/notes/62bae96f5995a02938b64936 HTTP/1.1" 500 22 "-" "PostmanRuntime/7.29.0"

info: ::1 - - [28/Jun/2022:12:01:16 +0000] "GET /api/v1/notes/62bae96f5995a02938b64936 HTTP/1.1" 500 22 "-" "PostmanRuntime/7.29.0"

info: ::1 - - [28/Jun/2022:12:01:24 +0000] "GET /api/v1/notes/ HTTP/1.1" 200 804 "-" "PostmanRuntime/7.29.0"

info: ::1 - - [28/Jun/2022:12:01:47 +0000] "GET /api/v1/notes/62bae99c5995a02938b64938 HTTP/1.1" 500 22 "-" "PostmanRuntime/7.29.0"

info: ::1 - - [28/Jun/2022:12:05:14 +0000] "GET /api/v1/notes/62bae99c5995a02938b64938 HTTP/1.1" 200 237 "-" "PostmanRuntime/7.29.0"

info: ::1 - - [28/Jun/2022:12:05:40 +0000] "GET /api/v1/notes/62bae99c5995a02938b64938 HTTP/1.1" 200 236 "-" "PostmanRuntime/7.29.0"

info: ::1 - - [28/Jun/2022:12:05:50 +0000] "GET /api/v1/notes/ HTTP/1.1" 200 804 "-" "PostmanRuntime/7.29.0"

info: ::1 - - [28/Jun/2022:12:06:04 +0000] "GET /api/v1/notes/62bae96f5995a02938b64936 HTTP/1.1" 200 249 "-" "PostmanRuntime/7.29.0"

info: ::1 - - [28/Jun/2022:12:12:18 +0000] "GET /api/v1/notes/62bae96f5995a02938b64936 HTTP/1.1" 200 249 "-" "PostmanRuntime/7.29.0"

info: ::1 - - [28/Jun/2022:12:13:03 +0000] "GET /api/v1/notes/62bae96f5995a02938b64936 HTTP/1.1" 200 249 "-" "PostmanRuntime/7.29.0"

info: ::1 - - [28/Jun/2022:12:14:33 +0000] "POST /api/v1/notes/62bae96f5995a02938b64936 HTTP/1.1" 404 47 "-" "PostmanRuntime/7.29.0"

info: ::1 - - [28/Jun/2022:12:14:49 +0000] "GET /api/v1/notes HTTP/1.1" 200 804 "-" "PostmanRuntime/7.29.0"

info: ::1 - - [28/Jun/2022:12:15:13 +0000] "POST /api/v1/notes/62bae96f5995a02938b64936 HTTP/1.1" 404 47 "-" "PostmanRuntime/7.29.0"

info: ::1 - - [28/Jun/2022:12:21:00 +0000] "POST /api/v1/notes/62bae96f5995a02938b64936 HTTP/1.1" 404 47 "-" "PostmanRuntime/7.29.0"

info: ::1 - - [28/Jun/2022:12:21:01 +0000] "POST /api/v1/notes/62bae96f5995a02938b64936 HTTP/1.1" 404 47 "-" "PostmanRuntime/7.29.0"

info: ::1 - - [28/Jun/2022:12:21:03 +0000] "POST /api/v1/notes/62bae96f5995a02938b64936 HTTP/1.1" 404 47 "-" "PostmanRuntime/7.29.0"

info: ::1 - - [28/Jun/2022:12:21:03 +0000] "POST /api/v1/notes/62bae96f5995a02938b64936 HTTP/1.1" 404 47 "-" "PostmanRuntime/7.29.0"

info: ::1 - - [28/Jun/2022:12:21:04 +0000] "POST /api/v1/notes/62bae96f5995a02938b64936 HTTP/1.1" 404 47 "-" "PostmanRuntime/7.29.0"

info: ::1 - - [28/Jun/2022:12:21:10 +0000] "GET /api/v1/notes/62bae96f5995a02938b64936 HTTP/1.1" 200 249 "-" "PostmanRuntime/7.29.0"

info: ::1 - - [28/Jun/2022:12:21:34 +0000] "POST /api/v1/notes/62bae96f5995a02938b64936 HTTP/1.1" 404 47 "-" "PostmanRuntime/7.29.0"

info: ::1 - - [28/Jun/2022:12:26:23 +0000] "GET /api/v1/notes/62bae96f5995a02938b64936 HTTP/1.1" 200 249 "-" "PostmanRuntime/7.29.0"

info: ::1 - - [28/Jun/2022:12:26:42 +0000] "PUT /api/v1/notes/62bae96f5995a02938b64936 HTTP/1.1" 202 259 "-" "PostmanRuntime/7.29.0"

info: ::1 - - [28/Jun/2022:12:34:21 +0000] "DELETE /api/v1/notes/62bae96f5995a02938b64936 HTTP/1.1" 200 60 "-" "PostmanRuntime/7.29.0"

info: ::1 - - [29/Jun/2022:03:06:31 +0000] "POST /api/v1/users HTTP/1.1" 500 60 "-" "PostmanRuntime/7.29.0"

info: ::1 - - [29/Jun/2022:03:06:40 +0000] "POST /api/v1/users HTTP/1.1" 201 315 "-" "PostmanRuntime/7.29.0"

info: ::1 - - [29/Jun/2022:03:06:54 +0000] "POST /api/v1/users/login HTTP/1.1" 200 388 "-" "PostmanRuntime/7.29.0"

info: ::1 - - [29/Jun/2022:03:11:25 +0000] "POST /api/v1/notes HTTP/1.1" 201 213 "-" "PostmanRuntime/7.29.0"

info: ::1 - - [29/Jun/2022:03:15:25 +0000] "POST /api/v1/login HTTP/1.1" 404 47 "-" "PostmanRuntime/7.29.0"

info: ::1 - - [29/Jun/2022:03:15:41 +0000] "POST /api/v1/login HTTP/1.1" 404 47 "-" "PostmanRuntime/7.29.0"

info: ::1 - - [29/Jun/2022:03:16:15 +0000] "GET /api/v1/users HTTP/1.1" 200 2507 "-" "PostmanRuntime/7.29.0"

info: ::1 - - [29/Jun/2022:03:16:32 +0000] "POST /api/v1/users/login HTTP/1.1" 200 388 "-" "PostmanRuntime/7.29.0"

info: ::1 - - [29/Jun/2022:03:17:46 +0000] "POST /api/v1/notes HTTP/1.1" 500 56 "-" "PostmanRuntime/7.29.0"

info: ::1 - - [29/Jun/2022:03:18:01 +0000] "GET /api/v1/notes HTTP/1.1" 200 778 "-" "PostmanRuntime/7.29.0"

info: ::1 - - [29/Jun/2022:03:18:38 +0000] "POST /api/v1/notes HTTP/1.1" 201 220 "-" "PostmanRuntime/7.29.0"

info: ::1 - - [29/Jun/2022:03:30:50 +0000] "POST /api/v1/notes HTTP/1.1" 201 226 "-" "PostmanRuntime/7.29.0"

info: ::1 - - [29/Jun/2022:03:31:21 +0000] "GET /api/v1/notes HTTP/1.1" 200 1120 "-" "PostmanRuntime/7.29.0"

info: ::1 - - [29/Jun/2022:03:32:32 +0000] "PUT /api/v1/notes/62badd96ed81e90e14a4d242 HTTP/1.1" 202 261 "-" "PostmanRuntime/7.29.0"

info: ::1 - - [29/Jun/2022:03:32:58 +0000] "GET /api/v1/notes/62badd96ed81e90e14a4d242 HTTP/1.1" 200 259 "-" "PostmanRuntime/7.29.0"

info: ::1 - - [29/Jun/2022:03:33:24 +0000] "DELETE /api/v1/notes/62badd96ed81e90e14a4d242 HTTP/1.1" 200 60 "-" "PostmanRuntime/7.29.0"

info: ::1 - - [30/Jun/2022:03:36:07 +0000] "GET /api/v1/notes HTTP/1.1" 200 924 "-" "PostmanRuntime/7.29.0"

info: ::1 - - [30/Jun/2022:03:37:33 +0000] "POST /api/v1/users HTTP/1.1" 201 319 "-" "PostmanRuntime/7.29.0"

info: ::1 - - [30/Jun/2022:03:37:52 +0000] "POST /api/v1/users/login HTTP/1.1" 200 393 "-" "PostmanRuntime/7.29.0"

info: ::1 - - [30/Jun/2022:03:38:10 +0000] "GET /api/v1/notes HTTP/1.1" 200 924 "-" "PostmanRuntime/7.29.0"

info: ::1 - - [30/Jun/2022:03:41:26 +0000] "GET /api/v1/notes HTTP/1.1" 200 924 "-" "PostmanRuntime/7.29.0"

info: ::1 - - [30/Jun/2022:03:47:47 +0000] "POST /api/v1/notes HTTP/1.1" 500 67 "-" "PostmanRuntime/7.29.0"

info: ::1 - - [30/Jun/2022:03:48:09 +0000] "POST /api/v1/notes HTTP/1.1" 500 67 "-" "PostmanRuntime/7.29.0"

info: ::1 - - [30/Jun/2022:03:49:05 +0000] "POST /api/v1/notes HTTP/1.1" 500 67 "-" "PostmanRuntime/7.29.0"

info: ::1 - - [30/Jun/2022:03:50:59 +0000] "POST /api/v1/notes HTTP/1.1" 500 60 "-" "PostmanRuntime/7.29.0"

info: ::1 - - [30/Jun/2022:03:52:01 +0000] "POST /api/v1/notes HTTP/1.1" 201 243 "-" "PostmanRuntime/7.29.0"

info: ::1 - - [30/Jun/2022:03:54:52 +0000] "GET /api/v1/notes HTTP/1.1" 200 255 "-" "PostmanRuntime/7.29.0"

info: ::1 - - [30/Jun/2022:03:55:54 +0000] "POST /api/v1/users/login HTTP/1.1" 200 388 "-" "PostmanRuntime/7.29.0"

info: ::1 - - [30/Jun/2022:03:56:25 +0000] "GET /api/v1/notes HTTP/1.1" 200 255 "-" "PostmanRuntime/7.29.0"

info: ::1 - - [30/Jun/2022:03:57:15 +0000] "GET /api/v1/notes HTTP/1.1" 200 255 "-" "PostmanRuntime/7.29.0"

info: ::1 - - [30/Jun/2022:03:57:40 +0000] "GET /api/v1/notes HTTP/1.1" 200 255 "-" "PostmanRuntime/7.29.0"

info: ::1 - - [30/Jun/2022:04:00:00 +0000] "POST /api/v1/users HTTP/1.1" 201 320 "-" "PostmanRuntime/7.29.0"

info: ::1 - - [30/Jun/2022:04:00:28 +0000] "POST /api/v1/users/login HTTP/1.1" 200 394 "-" "PostmanRuntime/7.29.0"

info: ::1 - - [30/Jun/2022:04:00:58 +0000] "GET /api/v1/notes HTTP/1.1" 200 255 "-" "PostmanRuntime/7.29.0"

info: ::1 - - [30/Jun/2022:04:01:17 +0000] "GET /api/v1/notes HTTP/1.1" 200 65 "-" "PostmanRuntime/7.29.0"

info: ::1 - - [30/Jun/2022:04:02:44 +0000] "POST /api/v1/notes HTTP/1.1" 201 261 "-" "PostmanRuntime/7.29.0"

info: ::1 - - [30/Jun/2022:04:02:51 +0000] "GET /api/v1/notes HTTP/1.1" 200 273 "-" "PostmanRuntime/7.29.0"

info: ::1 - - [30/Jun/2022:09:48:42 +0000] "GET /api/v1/notes HTTP/1.1" 200 273 "-" "PostmanRuntime/7.29.0"

info: ::1 - - [30/Jun/2022:09:49:17 +0000] "POST /api/v1/notes HTTP/1.1" 201 264 "-" "PostmanRuntime/7.29.0"

info: ::1 - - [30/Jun/2022:09:49:43 +0000] "PUT /api/v1/notes/62bd719dfda67a1ed42b6678/isArchived HTTP/1.1" 200 269 "-" "PostmanRuntime/7.29.0"

info: ::1 - - [30/Jun/2022:09:50:01 +0000] "GET /api/v1/notes HTTP/1.1" 200 273 "-" "PostmanRuntime/7.29.0"

info: ::1 - - [30/Jun/2022:09:53:33 +0000] "POST /api/v1/notes HTTP/1.1" 201 273 "-" "PostmanRuntime/7.29.0"

info: ::1 - - [30/Jun/2022:09:54:07 +0000] "POST /api/v1/notes/62bd729db54a7724f4dc3549/isArchived HTTP/1.1" 404 47 "-" "PostmanRuntime/7.29.0"

info: ::1 - - [30/Jun/2022:09:54:39 +0000] "PUT /api/v1/notes/62bd729db54a7724f4dc3549/isArchived HTTP/1.1" 500 22 "-" "PostmanRuntime/7.29.0"

info: ::1 - - [30/Jun/2022:09:56:10 +0000] "GET /api/v1/notes HTTP/1.1" 200 494 "-" "PostmanRuntime/7.29.0"

info: ::1 - - [30/Jun/2022:09:56:44 +0000] "PUT /api/v1/notes/62bd729db54a7724f4dc3549/isArchived HTTP/1.1" 200 62 "-" "PostmanRuntime/7.29.0"

info: ::1 - - [30/Jun/2022:09:57:47 +0000] "GET /api/v1/notes HTTP/1.1" 200 494 "-" "PostmanRuntime/7.29.0"

info: ::1 - - [30/Jun/2022:09:58:06 +0000] "GET /api/v1/notes HTTP/1.1" 200 494 "-" "PostmanRuntime/7.29.0"

info: ::1 - - [30/Jun/2022:09:59:20 +0000] "PUT /api/v1/notes/62bd20641c00f702847e9c9c/isArchived HTTP/1.1" 200 62 "-" "PostmanRuntime/7.29.0"

info: ::1 - - [30/Jun/2022:09:59:41 +0000] "GET /api/v1/notes/62bd20641c00f702847e9c9c HTTP/1.1" 200 271 "-" "PostmanRuntime/7.29.0"

info: ::1 - - [30/Jun/2022:09:59:47 +0000] "GET /api/v1/notes/ HTTP/1.1" 200 494 "-" "PostmanRuntime/7.29.0"

info: ::1 - - [30/Jun/2022:10:31:21 +0000] "PUT /api/v1/notes/62bd729db54a7724f4dc3549/isArchived HTTP/1.1" 500 62 "-" "PostmanRuntime/7.29.0"

info: ::1 - - [30/Jun/2022:10:32:08 +0000] "PUT /api/v1/notes/62bd729db54a7724f4dc3549/isArchived HTTP/1.1" 500 77 "-" "PostmanRuntime/7.29.0"

info: ::1 - - [30/Jun/2022:10:33:06 +0000] "PUT /api/v1/notes/62bd729db54a7724f4dc3549/isArchived HTTP/1.1" 302 30 "-" "PostmanRuntime/7.29.0"

info: ::1 - - [30/Jun/2022:10:33:06 +0000] "GET /archive HTTP/1.1" 404 47 "http://localhost:7000/api/v1/notes/62bd729db54a7724f4dc3549/isArchived" "PostmanRuntime/7.29.0"

info: ::1 - - [30/Jun/2022:10:33:28 +0000] "GET /api/v1/notes/ HTTP/1.1" 200 532 "-" "PostmanRuntime/7.29.0"

info: ::1 - - [30/Jun/2022:10:35:57 +0000] "GET /api/v1/notes/ HTTP/1.1" 200 494 "-" "PostmanRuntime/7.29.0"

info: ::1 - - [30/Jun/2022:10:36:57 +0000] "PUT /api/v1/notes/62bd20641c00f702847e9c9c/isArchived HTTP/1.1" 302 30 "-" "PostmanRuntime/7.29.0"

info: ::1 - - [30/Jun/2022:10:36:57 +0000] "GET /archive HTTP/1.1" 404 47 "http://localhost:7000/api/v1/notes/62bd20641c00f702847e9c9c/isArchived" "PostmanRuntime/7.29.0"

info: ::1 - - [30/Jun/2022:10:40:15 +0000] "PUT /api/v1/notes/62bd20641c00f702847e9c9c/isArchived HTTP/1.1" 302 33 "-" "PostmanRuntime/7.29.0"

info: ::1 - - [30/Jun/2022:10:40:15 +0000] "GET /isArchived HTTP/1.1" 404 47 "http://localhost:7000/api/v1/notes/62bd20641c00f702847e9c9c/isArchived" "PostmanRuntime/7.29.0"

info: ::1 - - [30/Jun/2022:10:42:01 +0000] "PUT /api/v1/notes/62bd20641c00f702847e9c9c/isArchived HTTP/1.1" 302 33 "-" "PostmanRuntime/7.29.0"

info: ::1 - - [30/Jun/2022:10:42:01 +0000] "GET /isArchived HTTP/1.1" 404 47 "http://localhost:7000/api/v1/notes/62bd20641c00f702847e9c9c/isArchived" "PostmanRuntime/7.29.0"

info: ::1 - - [30/Jun/2022:10:43:07 +0000] "PUT /api/v1/notes/62bd20641c00f702847e9c9c/isArchived HTTP/1.1" 200 62 "-" "PostmanRuntime/7.29.0"

info: ::1 - - [30/Jun/2022:10:43:49 +0000] "PUT /api/v1/notes/62bd20641c00f702847e9c9c/isArchived HTTP/1.1" 200 62 "-" "PostmanRuntime/7.29.0"

info: ::1 - - [30/Jun/2022:10:44:01 +0000] "GET /api/v1/notes HTTP/1.1" 200 494 "-" "PostmanRuntime/7.29.0"

info: ::1 - - [30/Jun/2022:10:45:58 +0000] "PUT /api/v1/notes/62bd20641c00f702847e9c9c/isArchived HTTP/1.1" 500 22 "-" "PostmanRuntime/7.29.0"

info: ::1 - - [30/Jun/2022:10:46:22 +0000] "PUT /api/v1/notes/62bd20641c00f702847e9c9c/isArchived HTTP/1.1" 500 22 "-" "PostmanRuntime/7.29.0"

info: ::1 - - [30/Jun/2022:10:47:57 +0000] "PUT /api/v1/notes/62bd20641c00f702847e9c9c/isArchived HTTP/1.1" 500 22 "-" "PostmanRuntime/7.29.0"

info: ::1 - - [30/Jun/2022:10:48:09 +0000] "GET /api/v1/notes HTTP/1.1" 200 494 "-" "PostmanRuntime/7.29.0"

info: ::1 - - [30/Jun/2022:10:48:32 +0000] "PUT /api/v1/notes/62bd20641c00f702847e9c9c/isArchived HTTP/1.1" 500 22 "-" "PostmanRuntime/7.29.0"

info: ::1 - - [30/Jun/2022:10:52:31 +0000] "PUT /api/v1/notes/62bd20641c00f702847e9c9c/isArchived HTTP/1.1" 500 22 "-" "PostmanRuntime/7.29.0"

info: ::1 - - [30/Jun/2022:10:54:30 +0000] "PUT /api/v1/notes/62bd20641c00f702847e9c9c/isArchived HTTP/1.1" 500 22 "-" "PostmanRuntime/7.29.0"

info: ::1 - - [30/Jun/2022:10:54:40 +0000] "PUT /api/v1/notes/62bd20641c00f702847e9c9c/isArchived HTTP/1.1" 500 22 "-" "PostmanRuntime/7.29.0"

info: ::1 - - [30/Jun/2022:11:16:03 +0000] "PUT /api/v1/notes/62bd20641c00f702847e9c9c/isArchived HTTP/1.1" 500 22 "-" "PostmanRuntime/7.29.0"

info: ::1 - - [30/Jun/2022:11:16:41 +0000] "PUT /api/v1/notes/62bd20641c00f702847e9c9c/isArchived HTTP/1.1" 500 22 "-" "PostmanRuntime/7.29.0"

info: ::1 - - [30/Jun/2022:12:45:33 +0000] "PUT /api/v1/notes/62bd20641c00f702847e9c9c/isArchived HTTP/1.1" 500 22 "-" "PostmanRuntime/7.29.0"

info: ::1 - - [30/Jun/2022:12:45:47 +0000] "GET /api/v1/notes/62bd20641c00f702847e9c9c HTTP/1.1" 200 271 "-" "PostmanRuntime/7.29.0"

info: ::1 - - [30/Jun/2022:12:46:05 +0000] "PUT /api/v1/notes/62bd20641c00f702847e9c9c/isArchived HTTP/1.1" 500 22 "-" "PostmanRuntime/7.29.0"

info: ::1 - - [30/Jun/2022:12:46:55 +0000] "PUT /api/v1/notes/62bd20641c00f702847e9c9c/isArchived HTTP/1.1" 200 266 "-" "PostmanRuntime/7.29.0"

info: ::1 - - [30/Jun/2022:12:48:20 +0000] "PUT /api/v1/notes/62bd20641c00f702847e9c9c/isArchived HTTP/1.1" 200 62 "-" "PostmanRuntime/7.29.0"

info: ::1 - - [30/Jun/2022:12:48:43 +0000] "GET /api/v1/notes/ HTTP/1.1" 200 285 "-" "PostmanRuntime/7.29.0"

info: ::1 - - [30/Jun/2022:13:19:50 +0000] "PUT /api/v1/notes/62bd20641c00f702847e9c9c/isArchived HTTP/1.1" 200 62 "-" "PostmanRuntime/7.29.0"

info: ::1 - - [30/Jun/2022:13:20:02 +0000] "GET /api/v1/notes/ HTTP/1.1" 200 285 "-" "PostmanRuntime/7.29.0"

info: ::1 - - [30/Jun/2022:16:06:53 +0000] "POST /api/v1/notes/ HTTP/1.1" 201 259 "-" "PostmanRuntime/7.29.0"

info: ::1 - - [30/Jun/2022:16:08:09 +0000] "POST /api/v1/notes/ HTTP/1.1" 201 282 "-" "PostmanRuntime/7.29.0"

info: ::1 - - [30/Jun/2022:16:10:57 +0000] "PUT /api/v1/notes/62bdca69223e6f361c21672c/isArchived HTTP/1.1" 200 62 "-" "PostmanRuntime/7.29.0"

info: ::1 - - [30/Jun/2022:16:12:09 +0000] "PUT /api/v1/notes/62bdca69223e6f361c21672c/isArchived HTTP/1.1" 200 62 "-" "PostmanRuntime/7.29.0"

info: ::1 - - [01/Jul/2022:02:11:55 +0000] "POST /api/v1/notes HTTP/1.1" 201 264 "-" "PostmanRuntime/7.29.0"

info: ::1 - - [01/Jul/2022:02:12:25 +0000] "PUT /api/v1/notes/62be57ebe7bfa1053cef0e91/isArchived HTTP/1.1" 200 62 "-" "PostmanRuntime/7.29.0"

info: ::1 - - [01/Jul/2022:02:12:50 +0000] "GET /api/v1/notes/ HTTP/1.1" 200 970 "-" "PostmanRuntime/7.29.0"

info: ::1 - - [01/Jul/2022:02:15:40 +0000] "PUT /api/v1/notes/62be57ebe7bfa1053cef0e91/isArchived HTTP/1.1" 200 62 "-" "PostmanRuntime/7.29.0"

info: ::1 - - [01/Jul/2022:02:17:02 +0000] "PUT /api/v1/notes/62be57ebe7bfa1053cef0e91/isArchived HTTP/1.1" 200 270 "-" "PostmanRuntime/7.29.0"

info: ::1 - - [01/Jul/2022:02:24:11 +0000] "PUT /api/v1/notes/62be57ebe7bfa1053cef0e91/isTrashed HTTP/1.1" 200 293 "-" "PostmanRuntime/7.29.0"

info: ::1 - - [01/Jul/2022:02:41:40 +0000] "POST /api/v1/notes HTTP/1.1" 201 278 "-" "PostmanRuntime/7.29.0"

info: ::1 - - [01/Jul/2022:02:42:22 +0000] "PUT /api/v1/notes/62be5ee48e68e828f84150ab/isArchived HTTP/1.1" 200 284 "-" "PostmanRuntime/7.29.0"

info: ::1 - - [01/Jul/2022:02:42:46 +0000] "PUT /api/v1/notes/62be5ee48e68e828f84150ab/isTrashed HTTP/1.1" 200 289 "-" "PostmanRuntime/7.29.0"

