info: Server started at http://localhost:7000/api/v1/ {"timestamp":"2022-07-07T02:37:24.811Z"}
info: Connected to the database. {"timestamp":"2022-07-07T02:37:28.127Z"}
error: 
    status - 500 
    message - ValidationError: "email" must be a valid email 
    url - /api/v1/users 
    method - POST 
    IP - ::ffff:127.0.0.1
   {"timestamp":"2022-07-07T02:37:28.820Z"}
info: Server started at http://localhost:7000/api/v1/ {"timestamp":"2022-07-07T02:45:17.151Z"}
info: Connected to the database. {"timestamp":"2022-07-07T02:45:20.462Z"}
error: 
    status - 500 
    message - ReferenceError: HttpStatus is not defined
    at newUserValidator (C:\Users\soora\Desktop\fundooNotes_Backend\fundooNotes_Backend\src\validators\/user.validator.js:12:16)
    at Layer.handle [as handle_request] (C:\Users\soora\Desktop\fundooNotes_Backend\fundooNotes_Backend\node_modules\express\lib\router\layer.js:95:5)
    at next (C:\Users\soora\Desktop\fundooNotes_Backend\fundooNotes_Backend\node_modules\express\lib\router\route.js:144:13)
    at Route.dispatch (C:\Users\soora\Desktop\fundooNotes_Backend\fundooNotes_Backend\node_modules\express\lib\router\route.js:114:3)
    at Layer.handle [as handle_request] (C:\Users\soora\Desktop\fundooNotes_Backend\fundooNotes_Backend\node_modules\express\lib\router\layer.js:95:5)
    at C:\Users\soora\Desktop\fundooNotes_Backend\fundooNotes_Backend\node_modules\express\lib\router\index.js:284:15
    at Function.process_params (C:\Users\soora\Desktop\fundooNotes_Backend\fundooNotes_Backend\node_modules\express\lib\router\index.js:346:12)
    at next (C:\Users\soora\Desktop\fundooNotes_Backend\fundooNotes_Backend\node_modules\express\lib\router\index.js:280:10)
    at Function.handle (C:\Users\soora\Desktop\fundooNotes_Backend\fundooNotes_Backend\node_modules\express\lib\router\index.js:175:3)
    at router (C:\Users\soora\Desktop\fundooNotes_Backend\fundooNotes_Backend\node_modules\express\lib\router\index.js:47:12)
    at Layer.handle [as handle_request] (C:\Users\soora\Desktop\fundooNotes_Backend\fundooNotes_Backend\node_modules\express\lib\router\layer.js:95:5)
    at trim_prefix (C:\Users\soora\Desktop\fundooNotes_Backend\fundooNotes_Backend\node_modules\express\lib\router\index.js:328:13)
    at C:\Users\soora\Desktop\fundooNotes_Backend\fundooNotes_Backend\node_modules\express\lib\router\index.js:286:9
    at Function.process_params (C:\Users\soora\Desktop\fundooNotes_Backend\fundooNotes_Backend\node_modules\express\lib\router\index.js:346:12)
    at next (C:\Users\soora\Desktop\fundooNotes_Backend\fundooNotes_Backend\node_modules\express\lib\router\index.js:280:10)
    at Function.handle (C:\Users\soora\Desktop\fundooNotes_Backend\fundooNotes_Backend\node_modules\express\lib\router\index.js:175:3)
    at router (C:\Users\soora\Desktop\fundooNotes_Backend\fundooNotes_Backend\node_modules\express\lib\router\index.js:47:12)
    at Layer.handle [as handle_request] (C:\Users\soora\Desktop\fundooNotes_Backend\fundooNotes_Backend\node_modules\express\lib\router\layer.js:95:5)
    at trim_prefix (C:\Users\soora\Desktop\fundooNotes_Backend\fundooNotes_Backend\node_modules\express\lib\router\index.js:328:13)
    at C:\Users\soora\Desktop\fundooNotes_Backend\fundooNotes_Backend\node_modules\express\lib\router\index.js:286:9
    at Function.process_params (C:\Users\soora\Desktop\fundooNotes_Backend\fundooNotes_Backend\node_modules\express\lib\router\index.js:346:12)
    at next (C:\Users\soora\Desktop\fundooNotes_Backend\fundooNotes_Backend\node_modules\express\lib\router\index.js:280:10)
    at logger (C:\Users\soora\Desktop\fundooNotes_Backend\fundooNotes_Backend\node_modules\morgan\index.js:144:5)
    at Layer.handle [as handle_request] (C:\Users\soora\Desktop\fundooNotes_Backend\fundooNotes_Backend\node_modules\express\lib\router\layer.js:95:5)
    at trim_prefix (C:\Users\soora\Desktop\fundooNotes_Backend\fundooNotes_Backend\node_modules\express\lib\router\index.js:328:13)
    at C:\Users\soora\Desktop\fundooNotes_Backend\fundooNotes_Backend\node_modules\express\lib\router\index.js:286:9
    at Function.process_params (C:\Users\soora\Desktop\fundooNotes_Backend\fundooNotes_Backend\node_modules\express\lib\router\index.js:346:12)
    at next (C:\Users\soora\Desktop\fundooNotes_Backend\fundooNotes_Backend\node_modules\express\lib\router\index.js:280:10)
    at C:\Users\soora\Desktop\fundooNotes_Backend\fundooNotes_Backend\node_modules\body-parser\lib\read.js:137:5
    at AsyncResource.runInAsyncScope (async_hooks.js:198:9)
    at invokeCallback (C:\Users\soora\Desktop\fundooNotes_Backend\fundooNotes_Backend\node_modules\raw-body\index.js:231:16)
    at done (C:\Users\soora\Desktop\fundooNotes_Backend\fundooNotes_Backend\node_modules\raw-body\index.js:220:7)
    at IncomingMessage.onEnd (C:\Users\soora\Desktop\fundooNotes_Backend\fundooNotes_Backend\node_modules\raw-body\index.js:280:7)
    at IncomingMessage.emit (events.js:327:22)
    at endReadableNT (internal/streams/readable.js:1327:12)
    at processTicksAndRejections (internal/process/task_queues.js:80:21) 
    url - /api/v1/users 
    method - POST 
    IP - ::ffff:127.0.0.1
   {"timestamp":"2022-07-07T02:45:21.188Z"}
info: Server started at http://localhost:7000/api/v1/ {"timestamp":"2022-07-07T03:06:49.547Z"}
info: Connected to the database. {"timestamp":"2022-07-07T03:06:52.640Z"}
error: 
    status - 500 
    message - ReferenceError: HttpStatus is not defined
    at newUserValidator (C:\Users\soora\Desktop\fundooNotes_Backend\fundooNotes_Backend\src\validators\/user.validator.js:12:16)
    at Layer.handle [as handle_request] (C:\Users\soora\Desktop\fundooNotes_Backend\fundooNotes_Backend\node_modules\express\lib\router\layer.js:95:5)
    at next (C:\Users\soora\Desktop\fundooNotes_Backend\fundooNotes_Backend\node_modules\express\lib\router\route.js:144:13)
    at Route.dispatch (C:\Users\soora\Desktop\fundooNotes_Backend\fundooNotes_Backend\node_modules\express\lib\router\route.js:114:3)
    at Layer.handle [as handle_request] (C:\Users\soora\Desktop\fundooNotes_Backend\fundooNotes_Backend\node_modules\express\lib\router\layer.js:95:5)
    at C:\Users\soora\Desktop\fundooNotes_Backend\fundooNotes_Backend\node_modules\express\lib\router\index.js:284:15
    at Function.process_params (C:\Users\soora\Desktop\fundooNotes_Backend\fundooNotes_Backend\node_modules\express\lib\router\index.js:346:12)
    at next (C:\Users\soora\Desktop\fundooNotes_Backend\fundooNotes_Backend\node_modules\express\lib\router\index.js:280:10)
    at Function.handle (C:\Users\soora\Desktop\fundooNotes_Backend\fundooNotes_Backend\node_modules\express\lib\router\index.js:175:3)
    at router (C:\Users\soora\Desktop\fundooNotes_Backend\fundooNotes_Backend\node_modules\express\lib\router\index.js:47:12)
    at Layer.handle [as handle_request] (C:\Users\soora\Desktop\fundooNotes_Backend\fundooNotes_Backend\node_modules\express\lib\router\layer.js:95:5)
    at trim_prefix (C:\Users\soora\Desktop\fundooNotes_Backend\fundooNotes_Backend\node_modules\express\lib\router\index.js:328:13)
    at C:\Users\soora\Desktop\fundooNotes_Backend\fundooNotes_Backend\node_modules\express\lib\router\index.js:286:9
    at Function.process_params (C:\Users\soora\Desktop\fundooNotes_Backend\fundooNotes_Backend\node_modules\express\lib\router\index.js:346:12)
    at next (C:\Users\soora\Desktop\fundooNotes_Backend\fundooNotes_Backend\node_modules\express\lib\router\index.js:280:10)
    at Function.handle (C:\Users\soora\Desktop\fundooNotes_Backend\fundooNotes_Backend\node_modules\express\lib\router\index.js:175:3)
    at router (C:\Users\soora\Desktop\fundooNotes_Backend\fundooNotes_Backend\node_modules\express\lib\router\index.js:47:12)
    at Layer.handle [as handle_request] (C:\Users\soora\Desktop\fundooNotes_Backend\fundooNotes_Backend\node_modules\express\lib\router\layer.js:95:5)
    at trim_prefix (C:\Users\soora\Desktop\fundooNotes_Backend\fundooNotes_Backend\node_modules\express\lib\router\index.js:328:13)
    at C:\Users\soora\Desktop\fundooNotes_Backend\fundooNotes_Backend\node_modules\express\lib\router\index.js:286:9
    at Function.process_params (C:\Users\soora\Desktop\fundooNotes_Backend\fundooNotes_Backend\node_modules\express\lib\router\index.js:346:12)
    at next (C:\Users\soora\Desktop\fundooNotes_Backend\fundooNotes_Backend\node_modules\express\lib\router\index.js:280:10)
    at logger (C:\Users\soora\Desktop\fundooNotes_Backend\fundooNotes_Backend\node_modules\morgan\index.js:144:5)
    at Layer.handle [as handle_request] (C:\Users\soora\Desktop\fundooNotes_Backend\fundooNotes_Backend\node_modules\express\lib\router\layer.js:95:5)
    at trim_prefix (C:\Users\soora\Desktop\fundooNotes_Backend\fundooNotes_Backend\node_modules\express\lib\router\index.js:328:13)
    at C:\Users\soora\Desktop\fundooNotes_Backend\fundooNotes_Backend\node_modules\express\lib\router\index.js:286:9
    at Function.process_params (C:\Users\soora\Desktop\fundooNotes_Backend\fundooNotes_Backend\node_modules\express\lib\router\index.js:346:12)
    at next (C:\Users\soora\Desktop\fundooNotes_Backend\fundooNotes_Backend\node_modules\express\lib\router\index.js:280:10)
    at C:\Users\soora\Desktop\fundooNotes_Backend\fundooNotes_Backend\node_modules\body-parser\lib\read.js:137:5
    at AsyncResource.runInAsyncScope (async_hooks.js:198:9)
    at invokeCallback (C:\Users\soora\Desktop\fundooNotes_Backend\fundooNotes_Backend\node_modules\raw-body\index.js:231:16)
    at done (C:\Users\soora\Desktop\fundooNotes_Backend\fundooNotes_Backend\node_modules\raw-body\index.js:220:7)
    at IncomingMessage.onEnd (C:\Users\soora\Desktop\fundooNotes_Backend\fundooNotes_Backend\node_modules\raw-body\index.js:280:7)
    at IncomingMessage.emit (events.js:327:22)
    at endReadableNT (internal/streams/readable.js:1327:12)
    at processTicksAndRejections (internal/process/task_queues.js:80:21) 
    url - /api/v1/users 
    method - POST 
    IP - ::ffff:127.0.0.1
   {"timestamp":"2022-07-07T03:06:53.332Z"}
info: Server started at http://localhost:7000/api/v1/ {"timestamp":"2022-07-07T03:12:33.051Z"}
info: Connected to the database. {"timestamp":"2022-07-07T03:12:33.079Z"}
info: Server started at http://localhost:7000/api/v1/ {"timestamp":"2022-07-07T03:14:43.578Z"}
info: Connected to the database. {"timestamp":"2022-07-07T03:14:43.610Z"}
info: Server started at http://localhost:7000/api/v1/ {"timestamp":"2022-07-07T03:18:21.846Z"}
info: Connected to the database. {"timestamp":"2022-07-07T03:18:21.874Z"}
info: Server started at http://localhost:7000/api/v1/ {"timestamp":"2022-07-07T07:34:29.225Z"}
info: Connected to the database. {"timestamp":"2022-07-07T07:34:33.624Z"}
error: 
    status - 500 
    message - ReferenceError: HttpStatus is not defined
    at newUserValidator (C:\Users\soora\Desktop\fundooNotes_Backend\fundooNotes_Backend\src\validators\/user.validator.js:12:16)
    at Layer.handle [as handle_request] (C:\Users\soora\Desktop\fundooNotes_Backend\fundooNotes_Backend\node_modules\express\lib\router\layer.js:95:5)
    at next (C:\Users\soora\Desktop\fundooNotes_Backend\fundooNotes_Backend\node_modules\express\lib\router\route.js:144:13)
    at Route.dispatch (C:\Users\soora\Desktop\fundooNotes_Backend\fundooNotes_Backend\node_modules\express\lib\router\route.js:114:3)
    at Layer.handle [as handle_request] (C:\Users\soora\Desktop\fundooNotes_Backend\fundooNotes_Backend\node_modules\express\lib\router\layer.js:95:5)
    at C:\Users\soora\Desktop\fundooNotes_Backend\fundooNotes_Backend\node_modules\express\lib\router\index.js:284:15
    at Function.process_params (C:\Users\soora\Desktop\fundooNotes_Backend\fundooNotes_Backend\node_modules\express\lib\router\index.js:346:12)
    at next (C:\Users\soora\Desktop\fundooNotes_Backend\fundooNotes_Backend\node_modules\express\lib\router\index.js:280:10)
    at Function.handle (C:\Users\soora\Desktop\fundooNotes_Backend\fundooNotes_Backend\node_modules\express\lib\router\index.js:175:3)
    at router (C:\Users\soora\Desktop\fundooNotes_Backend\fundooNotes_Backend\node_modules\express\lib\router\index.js:47:12)
    at Layer.handle [as handle_request] (C:\Users\soora\Desktop\fundooNotes_Backend\fundooNotes_Backend\node_modules\express\lib\router\layer.js:95:5)
    at trim_prefix (C:\Users\soora\Desktop\fundooNotes_Backend\fundooNotes_Backend\node_modules\express\lib\router\index.js:328:13)
    at C:\Users\soora\Desktop\fundooNotes_Backend\fundooNotes_Backend\node_modules\express\lib\router\index.js:286:9
    at Function.process_params (C:\Users\soora\Desktop\fundooNotes_Backend\fundooNotes_Backend\node_modules\express\lib\router\index.js:346:12)
    at next (C:\Users\soora\Desktop\fundooNotes_Backend\fundooNotes_Backend\node_modules\express\lib\router\index.js:280:10)
    at Function.handle (C:\Users\soora\Desktop\fundooNotes_Backend\fundooNotes_Backend\node_modules\express\lib\router\index.js:175:3)
    at router (C:\Users\soora\Desktop\fundooNotes_Backend\fundooNotes_Backend\node_modules\express\lib\router\index.js:47:12)
    at Layer.handle [as handle_request] (C:\Users\soora\Desktop\fundooNotes_Backend\fundooNotes_Backend\node_modules\express\lib\router\layer.js:95:5)
    at trim_prefix (C:\Users\soora\Desktop\fundooNotes_Backend\fundooNotes_Backend\node_modules\express\lib\router\index.js:328:13)
    at C:\Users\soora\Desktop\fundooNotes_Backend\fundooNotes_Backend\node_modules\express\lib\router\index.js:286:9
    at Function.process_params (C:\Users\soora\Desktop\fundooNotes_Backend\fundooNotes_Backend\node_modules\express\lib\router\index.js:346:12)
    at next (C:\Users\soora\Desktop\fundooNotes_Backend\fundooNotes_Backend\node_modules\express\lib\router\index.js:280:10)
    at logger (C:\Users\soora\Desktop\fundooNotes_Backend\fundooNotes_Backend\node_modules\morgan\index.js:144:5)
    at Layer.handle [as handle_request] (C:\Users\soora\Desktop\fundooNotes_Backend\fundooNotes_Backend\node_modules\express\lib\router\layer.js:95:5)
    at trim_prefix (C:\Users\soora\Desktop\fundooNotes_Backend\fundooNotes_Backend\node_modules\express\lib\router\index.js:328:13)
    at C:\Users\soora\Desktop\fundooNotes_Backend\fundooNotes_Backend\node_modules\express\lib\router\index.js:286:9
    at Function.process_params (C:\Users\soora\Desktop\fundooNotes_Backend\fundooNotes_Backend\node_modules\express\lib\router\index.js:346:12)
    at next (C:\Users\soora\Desktop\fundooNotes_Backend\fundooNotes_Backend\node_modules\express\lib\router\index.js:280:10)
    at C:\Users\soora\Desktop\fundooNotes_Backend\fundooNotes_Backend\node_modules\body-parser\lib\read.js:137:5
    at AsyncResource.runInAsyncScope (async_hooks.js:198:9)
    at invokeCallback (C:\Users\soora\Desktop\fundooNotes_Backend\fundooNotes_Backend\node_modules\raw-body\index.js:231:16)
    at done (C:\Users\soora\Desktop\fundooNotes_Backend\fundooNotes_Backend\node_modules\raw-body\index.js:220:7)
    at IncomingMessage.onEnd (C:\Users\soora\Desktop\fundooNotes_Backend\fundooNotes_Backend\node_modules\raw-body\index.js:280:7)
    at IncomingMessage.emit (events.js:327:22)
    at endReadableNT (internal/streams/readable.js:1327:12)
    at processTicksAndRejections (internal/process/task_queues.js:80:21) 
    url - /api/v1/users 
    method - POST 
    IP - ::ffff:127.0.0.1
   {"timestamp":"2022-07-07T07:34:34.273Z"}
info: Server started at http://localhost:7000/api/v1/ {"timestamp":"2022-07-07T07:35:00.970Z"}
info: Connected to the database. {"timestamp":"2022-07-07T07:35:03.820Z"}
error: 
    status - 500 
    message - ReferenceError: HttpStatus is not defined
    at newUserValidator (C:\Users\soora\Desktop\fundooNotes_Backend\fundooNotes_Backend\src\validators\/user.validator.js:12:16)
    at Layer.handle [as handle_request] (C:\Users\soora\Desktop\fundooNotes_Backend\fundooNotes_Backend\node_modules\express\lib\router\layer.js:95:5)
    at next (C:\Users\soora\Desktop\fundooNotes_Backend\fundooNotes_Backend\node_modules\express\lib\router\route.js:144:13)
    at Route.dispatch (C:\Users\soora\Desktop\fundooNotes_Backend\fundooNotes_Backend\node_modules\express\lib\router\route.js:114:3)
    at Layer.handle [as handle_request] (C:\Users\soora\Desktop\fundooNotes_Backend\fundooNotes_Backend\node_modules\express\lib\router\layer.js:95:5)
    at C:\Users\soora\Desktop\fundooNotes_Backend\fundooNotes_Backend\node_modules\express\lib\router\index.js:284:15
    at Function.process_params (C:\Users\soora\Desktop\fundooNotes_Backend\fundooNotes_Backend\node_modules\express\lib\router\index.js:346:12)
    at next (C:\Users\soora\Desktop\fundooNotes_Backend\fundooNotes_Backend\node_modules\express\lib\router\index.js:280:10)
    at Function.handle (C:\Users\soora\Desktop\fundooNotes_Backend\fundooNotes_Backend\node_modules\express\lib\router\index.js:175:3)
    at router (C:\Users\soora\Desktop\fundooNotes_Backend\fundooNotes_Backend\node_modules\express\lib\router\index.js:47:12)
    at Layer.handle [as handle_request] (C:\Users\soora\Desktop\fundooNotes_Backend\fundooNotes_Backend\node_modules\express\lib\router\layer.js:95:5)
    at trim_prefix (C:\Users\soora\Desktop\fundooNotes_Backend\fundooNotes_Backend\node_modules\express\lib\router\index.js:328:13)
    at C:\Users\soora\Desktop\fundooNotes_Backend\fundooNotes_Backend\node_modules\express\lib\router\index.js:286:9
    at Function.process_params (C:\Users\soora\Desktop\fundooNotes_Backend\fundooNotes_Backend\node_modules\express\lib\router\index.js:346:12)
    at next (C:\Users\soora\Desktop\fundooNotes_Backend\fundooNotes_Backend\node_modules\express\lib\router\index.js:280:10)
    at Function.handle (C:\Users\soora\Desktop\fundooNotes_Backend\fundooNotes_Backend\node_modules\express\lib\router\index.js:175:3)
    at router (C:\Users\soora\Desktop\fundooNotes_Backend\fundooNotes_Backend\node_modules\express\lib\router\index.js:47:12)
    at Layer.handle [as handle_request] (C:\Users\soora\Desktop\fundooNotes_Backend\fundooNotes_Backend\node_modules\express\lib\router\layer.js:95:5)
    at trim_prefix (C:\Users\soora\Desktop\fundooNotes_Backend\fundooNotes_Backend\node_modules\express\lib\router\index.js:328:13)
    at C:\Users\soora\Desktop\fundooNotes_Backend\fundooNotes_Backend\node_modules\express\lib\router\index.js:286:9
    at Function.process_params (C:\Users\soora\Desktop\fundooNotes_Backend\fundooNotes_Backend\node_modules\express\lib\router\index.js:346:12)
    at next (C:\Users\soora\Desktop\fundooNotes_Backend\fundooNotes_Backend\node_modules\express\lib\router\index.js:280:10)
    at logger (C:\Users\soora\Desktop\fundooNotes_Backend\fundooNotes_Backend\node_modules\morgan\index.js:144:5)
    at Layer.handle [as handle_request] (C:\Users\soora\Desktop\fundooNotes_Backend\fundooNotes_Backend\node_modules\express\lib\router\layer.js:95:5)
    at trim_prefix (C:\Users\soora\Desktop\fundooNotes_Backend\fundooNotes_Backend\node_modules\express\lib\router\index.js:328:13)
    at C:\Users\soora\Desktop\fundooNotes_Backend\fundooNotes_Backend\node_modules\express\lib\router\index.js:286:9
    at Function.process_params (C:\Users\soora\Desktop\fundooNotes_Backend\fundooNotes_Backend\node_modules\express\lib\router\index.js:346:12)
    at next (C:\Users\soora\Desktop\fundooNotes_Backend\fundooNotes_Backend\node_modules\express\lib\router\index.js:280:10)
    at C:\Users\soora\Desktop\fundooNotes_Backend\fundooNotes_Backend\node_modules\body-parser\lib\read.js:137:5
    at AsyncResource.runInAsyncScope (async_hooks.js:198:9)
    at invokeCallback (C:\Users\soora\Desktop\fundooNotes_Backend\fundooNotes_Backend\node_modules\raw-body\index.js:231:16)
    at done (C:\Users\soora\Desktop\fundooNotes_Backend\fundooNotes_Backend\node_modules\raw-body\index.js:220:7)
    at IncomingMessage.onEnd (C:\Users\soora\Desktop\fundooNotes_Backend\fundooNotes_Backend\node_modules\raw-body\index.js:280:7)
    at IncomingMessage.emit (events.js:327:22)
    at endReadableNT (internal/streams/readable.js:1327:12)
    at processTicksAndRejections (internal/process/task_queues.js:80:21) 
    url - /api/v1/users 
    method - POST 
    IP - ::ffff:127.0.0.1
   {"timestamp":"2022-07-07T07:35:04.485Z"}
info: Server started at http://localhost:7000/api/v1/ {"timestamp":"2022-07-07T07:36:14.558Z"}
info: Connected to the database. {"timestamp":"2022-07-07T07:36:17.949Z"}
info: Server started at http://localhost:7000/api/v1/ {"timestamp":"2022-07-07T07:37:02.792Z"}
info: Connected to the database. {"timestamp":"2022-07-07T07:37:05.668Z"}
info: Server started at http://localhost:7000/api/v1/ {"timestamp":"2022-07-07T07:37:38.990Z"}
info: Connected to the database. {"timestamp":"2022-07-07T07:37:39.018Z"}
info: Server started at http://localhost:7000/api/v1/ {"timestamp":"2022-07-07T07:44:58.650Z"}
info: Connected to the database. {"timestamp":"2022-07-07T07:44:58.679Z"}
info: Server started at http://localhost:7000/api/v1/ {"timestamp":"2022-07-07T07:51:22.315Z"}
info: Connected to the database. {"timestamp":"2022-07-07T07:51:22.336Z"}
info: Server started at http://localhost:7000/api/v1/ {"timestamp":"2022-07-07T08:01:41.086Z"}
info: Connected to the database. {"timestamp":"2022-07-07T08:01:41.107Z"}
info: Server started at http://localhost:7000/api/v1/ {"timestamp":"2022-07-07T08:58:35.197Z"}
info: Connected to the database. {"timestamp":"2022-07-07T08:58:39.343Z"}
info: Server started at http://localhost:7000/api/v1/ {"timestamp":"2022-07-07T08:59:11.807Z"}
info: Connected to the database. {"timestamp":"2022-07-07T08:59:15.424Z"}
info: Server started at http://localhost:7000/api/v1/ {"timestamp":"2022-07-07T08:59:49.583Z"}
info: Connected to the database. {"timestamp":"2022-07-07T08:59:52.854Z"}
error: 
    status - 500 
    message - ValidationError: "Descreption" must be a string 
    url - /api/v1/notes 
    method - POST 
    IP - ::ffff:127.0.0.1
   {"timestamp":"2022-07-07T09:00:00.198Z"}
info: Server started at http://localhost:7000/api/v1/ {"timestamp":"2022-07-07T09:01:05.789Z"}
info: Connected to the database. {"timestamp":"2022-07-07T09:01:09.994Z"}
info: Server started at http://localhost:7000/api/v1/ {"timestamp":"2022-07-07T15:32:24.668Z"}
info: Connected to the database. {"timestamp":"2022-07-07T15:32:28.010Z"}
info: Server started at http://localhost:7000/api/v1/ {"timestamp":"2022-07-07T15:44:59.478Z"}
info: Connected to the database. {"timestamp":"2022-07-07T15:45:02.576Z"}
info: Server started at http://localhost:7000/api/v1/ {"timestamp":"2022-07-07T15:51:33.060Z"}
info: Connected to the database. {"timestamp":"2022-07-07T15:51:36.155Z"}
info: Server started at http://localhost:7000/api/v1/ {"timestamp":"2022-07-07T15:59:08.017Z"}
info: Connected to the database. {"timestamp":"2022-07-07T15:59:11.117Z"}
info: Server started at http://localhost:7000/api/v1/ {"timestamp":"2022-07-07T16:06:30.023Z"}
info: Connected to the database. {"timestamp":"2022-07-07T16:06:33.135Z"}
info: Server started at http://localhost:7000/api/v1/ {"timestamp":"2022-07-07T16:07:56.828Z"}
info: Connected to the database. {"timestamp":"2022-07-07T16:08:00.051Z"}
info: Server started at http://localhost:7000/api/v1/ {"timestamp":"2022-07-07T16:09:30.598Z"}
info: Connected to the database. {"timestamp":"2022-07-07T16:09:33.779Z"}
info: Server started at http://localhost:7000/api/v1/ {"timestamp":"2022-07-07T16:18:05.568Z"}
info: Connected to the database. {"timestamp":"2022-07-07T16:18:08.803Z"}
