info: Server started at http://localhost:7000/api/v1/ {"timestamp":"2022-07-06T02:17:27.806Z"}
info: Connected to the database. {"timestamp":"2022-07-06T02:17:27.845Z"}
info: Server started at http://localhost:7000/api/v1/ {"timestamp":"2022-07-06T02:52:07.002Z"}
info: Connected to the database. {"timestamp":"2022-07-06T02:52:07.062Z"}
info: Server started at http://localhost:7000/api/v1/ {"timestamp":"2022-07-06T10:20:49.202Z"}
error: 
    status - 500 
    message - ValidationError: "firstname" is required 
    url - /api/v1/users 
    method - POST 
    IP - ::ffff:127.0.0.1
   {"timestamp":"2022-07-06T10:20:49.348Z"}
info: Connected to the database. {"timestamp":"2022-07-06T10:20:53.208Z"}
info: Server started at http://localhost:7000/api/v1/ {"timestamp":"2022-07-06T10:27:52.933Z"}
error: 
    status - 500 
    message - ValidationError: "email" must be a valid email 
    url - /api/v1/users 
    method - POST 
    IP - ::ffff:127.0.0.1
   {"timestamp":"2022-07-06T10:27:53.151Z"}
info: Connected to the database. {"timestamp":"2022-07-06T10:27:56.137Z"}
info: Server started at http://localhost:7000/api/v1/ {"timestamp":"2022-07-06T10:37:52.724Z"}
info: Connected to the database. {"timestamp":"2022-07-06T10:37:56.156Z"}
error: 
    status - 500 
    message - ValidationError: "email" must be a valid email 
    url - /api/v1/users 
    method - POST 
    IP - ::ffff:127.0.0.1
   {"timestamp":"2022-07-06T10:37:56.804Z"}
info: Server started at http://localhost:7000/api/v1/ {"timestamp":"2022-07-06T10:49:54.950Z"}
info: Connected to the database. {"timestamp":"2022-07-06T10:49:58.192Z"}
error: 
    status - 500 
    message - ValidationError: "email" must be a valid email 
    url - /api/v1/users 
    method - POST 
    IP - ::ffff:127.0.0.1
   {"timestamp":"2022-07-06T10:49:58.549Z"}
info: Server started at http://localhost:7000/api/v1/ {"timestamp":"2022-07-06T11:19:28.428Z"}
info: Connected to the database. {"timestamp":"2022-07-06T11:19:32.561Z"}
error: 
    status - 500 
    message - ValidationError: "email" must be a valid email 
    url - /api/v1/users 
    method - POST 
    IP - ::ffff:127.0.0.1
   {"timestamp":"2022-07-06T11:19:33.274Z"}
info: Server started at http://localhost:7000/api/v1/ {"timestamp":"2022-07-06T11:19:51.146Z"}
info: Connected to the database. {"timestamp":"2022-07-06T11:19:54.576Z"}
error: 
    status - 500 
    message - ValidationError: "email" must be a valid email 
    url - /api/v1/users 
    method - POST 
    IP - ::ffff:127.0.0.1
   {"timestamp":"2022-07-06T11:19:55.028Z"}
info: Server started at http://localhost:7000/api/v1/ {"timestamp":"2022-07-06T11:25:33.591Z"}
error: 
    status - 500 
    message - ValidationError: "email" must be a valid email 
    url - /api/v1/users 
    method - POST 
    IP - ::ffff:127.0.0.1
   {"timestamp":"2022-07-06T11:25:33.658Z"}
info: Connected to the database. {"timestamp":"2022-07-06T11:25:36.730Z"}
info: Server started at http://localhost:7000/api/v1/ {"timestamp":"2022-07-06T11:27:42.491Z"}
error: 
    status - 500 
    message - ValidationError: "email" must be a valid email 
    url - /api/v1/users 
    method - POST 
    IP - ::ffff:127.0.0.1
   {"timestamp":"2022-07-06T11:27:42.549Z"}
info: Connected to the database. {"timestamp":"2022-07-06T11:27:45.819Z"}
info: Server started at http://localhost:7000/api/v1/ {"timestamp":"2022-07-06T11:45:48.146Z"}
info: Connected to the database. {"timestamp":"2022-07-06T11:45:51.519Z"}
error: 
    status - 500 
    message - ValidationError: "firstname" must be a string 
    url - /api/v1/users 
    method - POST 
    IP - ::ffff:127.0.0.1
   {"timestamp":"2022-07-06T11:45:52.143Z"}
info: Server started at http://localhost:7000/api/v1/ {"timestamp":"2022-07-06T11:50:08.728Z"}
info: Connected to the database. {"timestamp":"2022-07-06T11:50:13.591Z"}
error: 
    status - 500 
    message - ValidationError: "firstname" must be a string 
    url - /api/v1/users 
    method - POST 
    IP - ::ffff:127.0.0.1
   {"timestamp":"2022-07-06T11:50:13.803Z"}
info: Server started at http://localhost:7000/api/v1/ {"timestamp":"2022-07-06T11:52:40.449Z"}
info: Connected to the database. {"timestamp":"2022-07-06T11:52:43.798Z"}
error: 
    status - 500 
    message - ValidationError: "firstname" must be a string 
    url - /api/v1/users 
    method - POST 
    IP - ::ffff:127.0.0.1
   {"timestamp":"2022-07-06T11:52:44.602Z"}
info: Server started at http://localhost:7000/api/v1/ {"timestamp":"2022-07-06T11:59:04.447Z"}
info: Connected to the database. {"timestamp":"2022-07-06T11:59:09.526Z"}
error: 
    status - 500 
    message - ValidationError: "lastname" must be a string 
    url - /api/v1/users 
    method - POST 
    IP - ::ffff:127.0.0.1
   {"timestamp":"2022-07-06T11:59:09.552Z"}
info: Server started at http://localhost:7000/api/v1/ {"timestamp":"2022-07-06T12:02:46.117Z"}
info: Connected to the database. {"timestamp":"2022-07-06T12:02:50.050Z"}
error: 
    status - 500 
    message - ValidationError: "email" must be a valid email 
    url - /api/v1/users 
    method - POST 
    IP - ::ffff:127.0.0.1
   {"timestamp":"2022-07-06T12:02:51.033Z"}
info: Server started at http://localhost:7000/api/v1/ {"timestamp":"2022-07-06T12:05:44.400Z"}
error: 
    status - 500 
    message - ValidationError: "email" must be a valid email 
    url - /api/v1/users 
    method - POST 
    IP - ::ffff:127.0.0.1
   {"timestamp":"2022-07-06T12:05:49.481Z"}
info: Connected to the database. {"timestamp":"2022-07-06T12:05:49.876Z"}
info: Server started at http://localhost:7000/api/v1/ {"timestamp":"2022-07-06T12:08:13.568Z"}
info: Connected to the database. {"timestamp":"2022-07-06T12:08:17.504Z"}
error: 
    status - 500 
    message - ValidationError: "email" must be a valid email 
    url - /api/v1/users 
    method - POST 
    IP - ::ffff:127.0.0.1
   {"timestamp":"2022-07-06T12:08:18.470Z"}
info: Server started at http://localhost:7000/api/v1/ {"timestamp":"2022-07-06T12:22:08.230Z"}
info: Connected to the database. {"timestamp":"2022-07-06T12:22:08.271Z"}
info: Server started at http://localhost:7000/api/v1/ {"timestamp":"2022-07-06T12:24:52.593Z"}
info: Connected to the database. {"timestamp":"2022-07-06T12:24:52.614Z"}
info: Server started at http://localhost:7000/api/v1/ {"timestamp":"2022-07-06T12:27:44.772Z"}
info: Connected to the database. {"timestamp":"2022-07-06T12:27:44.796Z"}
info: Server started at http://localhost:7000/api/v1/ {"timestamp":"2022-07-06T12:31:49.190Z"}
info: Connected to the database. {"timestamp":"2022-07-06T12:31:49.209Z"}
info: Server started at http://localhost:7000/api/v1/ {"timestamp":"2022-07-06T12:32:05.805Z"}
info: Connected to the database. {"timestamp":"2022-07-06T12:32:05.833Z"}
info: Server started at http://localhost:7000/api/v1/ {"timestamp":"2022-07-06T12:35:37.227Z"}
info: Connected to the database. {"timestamp":"2022-07-06T12:35:37.254Z"}
info: Server started at http://localhost:7000/api/v1/ {"timestamp":"2022-07-06T12:39:40.599Z"}
info: Connected to the database. {"timestamp":"2022-07-06T12:39:40.626Z"}
info: Server started at http://localhost:7000/api/v1/ {"timestamp":"2022-07-06T12:39:56.665Z"}
info: Connected to the database. {"timestamp":"2022-07-06T12:39:56.689Z"}
info: Server started at http://localhost:7000/api/v1/ {"timestamp":"2022-07-06T14:06:57.433Z"}
info: Connected to the database. {"timestamp":"2022-07-06T14:06:57.486Z"}
