info: Server started at http://localhost:7000/api/v1/ {"timestamp":"2022-07-11T02:39:14.156Z"}
info: Connected to the database. {"timestamp":"2022-07-11T02:39:14.182Z"}
info: Server started at http://localhost:7000/api/v1/ {"timestamp":"2022-07-11T02:41:02.565Z"}
info: Connected to the database. {"timestamp":"2022-07-11T02:41:02.627Z"}
info: Server started at http://localhost:7000/api/v1/ {"timestamp":"2022-07-11T02:45:50.043Z"}
info: Connected to the database. {"timestamp":"2022-07-11T02:45:50.084Z"}
info: Server started at http://localhost:7000/api/v1/ {"timestamp":"2022-07-11T02:46:04.234Z"}
info: Connected to the database. {"timestamp":"2022-07-11T02:46:04.270Z"}
info: Server started at http://localhost:7000/api/v1/ {"timestamp":"2022-07-11T02:49:15.434Z"}
info: Connected to the database. {"timestamp":"2022-07-11T02:49:15.486Z"}
info: Server started at http://localhost:7000/api/v1/ {"timestamp":"2022-07-11T02:50:52.913Z"}
info: Connected to the database. {"timestamp":"2022-07-11T02:50:52.952Z"}
info: Server started at http://localhost:7000/api/v1/ {"timestamp":"2022-07-11T05:24:31.689Z"}
info: Connected to the database. {"timestamp":"2022-07-11T05:24:31.749Z"}
info: Server started at http://localhost:7000/api/v1/ {"timestamp":"2022-07-11T05:26:35.304Z"}
info: Connected to the database. {"timestamp":"2022-07-11T05:26:35.349Z"}
info: Server started at http://localhost:7000/api/v1/ {"timestamp":"2022-07-11T05:28:20.106Z"}
info: Connected to the database. {"timestamp":"2022-07-11T05:28:20.169Z"}
info: Server started at http://localhost:7000/api/v1/ {"timestamp":"2022-07-11T05:29:35.424Z"}
info: Connected to the database. {"timestamp":"2022-07-11T05:29:35.490Z"}
info: Server started at http://localhost:7000/api/v1/ {"timestamp":"2022-07-11T05:32:15.571Z"}
info: Connected to the database. {"timestamp":"2022-07-11T05:32:15.624Z"}
info: Server started at http://localhost:7000/api/v1/ {"timestamp":"2022-07-11T05:34:44.223Z"}
info: Connected to the database. {"timestamp":"2022-07-11T05:34:44.295Z"}
info: Server started at http://localhost:7000/api/v1/ {"timestamp":"2022-07-11T05:38:01.475Z"}
info: Connected to the database. {"timestamp":"2022-07-11T05:38:01.549Z"}
error: 
    status - 500 
    message - Error: user already existed
    at Error.<anonymous> (C:\Users\soora\Desktop\fundooNotes_Backend\fundooNotes_Backend\node_modules\core-js\internals\wrap-error-constructor-with-cause.js:37:62)
    at new Error (C:\Users\soora\Desktop\fundooNotes_Backend\fundooNotes_Backend\node_modules\core-js\modules\es.error.cause.js:28:43)
    at _callee2$ (C:\Users\soora\Desktop\fundooNotes_Backend\fundooNotes_Backend\src\services\/user.service.js:24:11)
    at tryCatch (C:\Users\soora\Desktop\fundooNotes_Backend\fundooNotes_Backend\node_modules\@babel\runtime\helpers\regeneratorRuntime.js:86:17)
    at Generator._invoke (C:\Users\soora\Desktop\fundooNotes_Backend\fundooNotes_Backend\node_modules\@babel\runtime\helpers\regeneratorRuntime.js:66:24)
    at Generator.next (C:\Users\soora\Desktop\fundooNotes_Backend\fundooNotes_Backend\node_modules\@babel\runtime\helpers\regeneratorRuntime.js:117:21)
    at asyncGeneratorStep (C:\Users\soora\Desktop\fundooNotes_Backend\fundooNotes_Backend\node_modules\@babel\runtime\helpers\asyncToGenerator.js:3:24)
    at _next (C:\Users\soora\Desktop\fundooNotes_Backend\fundooNotes_Backend\node_modules\@babel\runtime\helpers\asyncToGenerator.js:25:9)
    at processTicksAndRejections (internal/process/task_queues.js:93:5) 
    url - /api/v1/users 
    method - POST 
    IP - ::1
   {"timestamp":"2022-07-11T05:38:05.765Z"}
info: Server started at http://localhost:7000/api/v1/ {"timestamp":"2022-07-11T05:41:37.276Z"}
info: Connected to the database. {"timestamp":"2022-07-11T05:41:37.308Z"}
info: Server started at http://localhost:7000/api/v1/ {"timestamp":"2022-07-11T05:45:04.203Z"}
info: Connected to the database. {"timestamp":"2022-07-11T05:45:04.234Z"}
info: Server started at http://localhost:7000/api/v1/ {"timestamp":"2022-07-11T05:46:56.955Z"}
info: Connected to the database. {"timestamp":"2022-07-11T05:46:56.993Z"}
info: Server started at http://localhost:7000/api/v1/ {"timestamp":"2022-07-11T06:03:21.293Z"}
info: Connected to the database. {"timestamp":"2022-07-11T06:03:21.335Z"}
info: Server started at http://localhost:7000/api/v1/ {"timestamp":"2022-07-11T06:07:09.006Z"}
info: Connected to the database. {"timestamp":"2022-07-11T06:07:09.034Z"}
info: Server started at http://localhost:7000/api/v1/ {"timestamp":"2022-07-11T06:10:35.061Z"}
info: Connected to the database. {"timestamp":"2022-07-11T06:10:35.091Z"}
info: Server started at http://localhost:7000/api/v1/ {"timestamp":"2022-07-11T06:10:57.998Z"}
info: Connected to the database. {"timestamp":"2022-07-11T06:10:58.067Z"}
error: 
    status - 500 
    message - Error: user already existed
    at Error.<anonymous> (C:\Users\soora\Desktop\fundooNotes_Backend\fundooNotes_Backend\node_modules\core-js\internals\wrap-error-constructor-with-cause.js:37:62)
    at new Error (C:\Users\soora\Desktop\fundooNotes_Backend\fundooNotes_Backend\node_modules\core-js\modules\es.error.cause.js:28:43)
    at _callee2$ (C:\Users\soora\Desktop\fundooNotes_Backend\fundooNotes_Backend\src\services\/user.service.js:24:11)
    at tryCatch (C:\Users\soora\Desktop\fundooNotes_Backend\fundooNotes_Backend\node_modules\@babel\runtime\helpers\regeneratorRuntime.js:86:17)
    at Generator._invoke (C:\Users\soora\Desktop\fundooNotes_Backend\fundooNotes_Backend\node_modules\@babel\runtime\helpers\regeneratorRuntime.js:66:24)
    at Generator.next (C:\Users\soora\Desktop\fundooNotes_Backend\fundooNotes_Backend\node_modules\@babel\runtime\helpers\regeneratorRuntime.js:117:21)
    at asyncGeneratorStep (C:\Users\soora\Desktop\fundooNotes_Backend\fundooNotes_Backend\node_modules\@babel\runtime\helpers\asyncToGenerator.js:3:24)
    at _next (C:\Users\soora\Desktop\fundooNotes_Backend\fundooNotes_Backend\node_modules\@babel\runtime\helpers\asyncToGenerator.js:25:9)
    at processTicksAndRejections (internal/process/task_queues.js:93:5) 
    url - /api/v1/users 
    method - POST 
    IP - ::1
   {"timestamp":"2022-07-11T06:11:01.806Z"}
info: Server started at http://localhost:7000/api/v1/ {"timestamp":"2022-07-11T06:15:20.105Z"}
info: Connected to the database. {"timestamp":"2022-07-11T06:15:20.141Z"}
info: Server started at http://localhost:7000/api/v1/ {"timestamp":"2022-07-11T06:15:51.633Z"}
info: Connected to the database. {"timestamp":"2022-07-11T06:15:51.661Z"}
info: Server started at http://localhost:7000/api/v1/ {"timestamp":"2022-07-11T06:20:55.823Z"}
info: Connected to the database. {"timestamp":"2022-07-11T06:20:55.854Z"}
info: Server started at http://localhost:7000/api/v1/ {"timestamp":"2022-07-11T06:40:28.045Z"}
info: Connected to the database. {"timestamp":"2022-07-11T06:40:28.120Z"}
info: Server started at http://localhost:7000/api/v1/ {"timestamp":"2022-07-11T06:41:58.235Z"}
info: Connected to the database. {"timestamp":"2022-07-11T06:41:58.302Z"}
info: Server started at http://localhost:7000/api/v1/ {"timestamp":"2022-07-11T07:00:44.343Z"}
info: Connected to the database. {"timestamp":"2022-07-11T07:00:44.407Z"}
error: 
    status - 500 
    message - SyntaxError: Unexpected token } in JSON at position 60
    at JSON.parse (<anonymous>)
    at parse (C:\Users\soora\Desktop\fundooNotes_Backend\fundooNotes_Backend\node_modules\body-parser\lib\types\json.js:89:19)
    at C:\Users\soora\Desktop\fundooNotes_Backend\fundooNotes_Backend\node_modules\body-parser\lib\read.js:128:18
    at AsyncResource.runInAsyncScope (async_hooks.js:198:9)
    at invokeCallback (C:\Users\soora\Desktop\fundooNotes_Backend\fundooNotes_Backend\node_modules\raw-body\index.js:231:16)
    at done (C:\Users\soora\Desktop\fundooNotes_Backend\fundooNotes_Backend\node_modules\raw-body\index.js:220:7)
    at IncomingMessage.onEnd (C:\Users\soora\Desktop\fundooNotes_Backend\fundooNotes_Backend\node_modules\raw-body\index.js:280:7)
    at IncomingMessage.emit (events.js:327:22)
    at IncomingMessage.EventEmitter.emit (domain.js:467:12)
    at endReadableNT (internal/streams/readable.js:1327:12)
    at processTicksAndRejections (internal/process/task_queues.js:80:21) 
    url - /api/v1/users/forgotpassword 
    method - POST 
    IP - ::1
   {"timestamp":"2022-07-11T07:00:50.030Z"}
info: Server started at http://localhost:7000/api/v1/ {"timestamp":"2022-07-11T07:06:06.168Z"}
info: Connected to the database. {"timestamp":"2022-07-11T07:06:06.210Z"}
info: Server started at http://localhost:7000/api/v1/ {"timestamp":"2022-07-11T07:10:20.054Z"}
info: Connected to the database. {"timestamp":"2022-07-11T07:10:20.110Z"}
info: Server started at http://localhost:7000/api/v1/ {"timestamp":"2022-07-11T10:06:44.056Z"}
info: Connected to the database. {"timestamp":"2022-07-11T10:06:44.109Z"}
info: Server started at http://localhost:7000/api/v1/ {"timestamp":"2022-07-11T10:09:37.433Z"}
info: Connected to the database. {"timestamp":"2022-07-11T10:09:37.503Z"}
info: Server started at http://localhost:7000/api/v1/ {"timestamp":"2022-07-11T10:09:56.341Z"}
info: Connected to the database. {"timestamp":"2022-07-11T10:09:56.410Z"}
info: Server started at http://localhost:7000/api/v1/ {"timestamp":"2022-07-11T10:11:19.072Z"}
info: Connected to the database. {"timestamp":"2022-07-11T10:11:19.126Z"}
