info: Server started at http://localhost:7000/api/v1/ {"timestamp":"2022-06-28T02:52:52.794Z"}
info: Connected to the database. {"timestamp":"2022-06-28T02:52:52.843Z"}
info: Server started at http://localhost:7000/api/v1/ {"timestamp":"2022-06-28T02:55:43.871Z"}
info: Connected to the database. {"timestamp":"2022-06-28T02:55:44.039Z"}
info: Server started at http://localhost:7000/api/v1/ {"timestamp":"2022-06-28T10:23:25.661Z"}
info: Connected to the database. {"timestamp":"2022-06-28T10:23:25.724Z"}
error: 
    status - 500 
    message - Error: "firstname" is required 
    url - /api/v1/users 
    method - POST 
    IP - ::1
   {"timestamp":"2022-06-28T10:24:30.222Z"}
error: 
      status - 400
      message - Authorization token is required 
      url - /api/v1/users/login 
      method - GET 
      IP - ::1
     {"timestamp":"2022-06-28T10:27:11.810Z"}
info: Server started at http://localhost:7000/api/v1/ {"timestamp":"2022-06-28T10:27:58.420Z"}
info: Connected to the database. {"timestamp":"2022-06-28T10:27:58.477Z"}
error: 
      status - 400
      message - Authorization token is required 
      url - /api/v1/users/login 
      method - GET 
      IP - ::1
     {"timestamp":"2022-06-28T10:28:55.403Z"}
error: 
      status - 400
      message - Authorization token is required 
      url - /api/v1/users/login 
      method - GET 
      IP - ::1
     {"timestamp":"2022-06-28T10:29:05.863Z"}
info: Server started at http://localhost:7000/api/v1/ {"timestamp":"2022-06-28T10:31:32.536Z"}
info: Connected to the database. {"timestamp":"2022-06-28T10:31:32.589Z"}
error: 
      status - 400
      message - Authorization token is required 
      url - /api/v1/notes 
      method - POST 
      IP - ::1
     {"timestamp":"2022-06-28T10:34:40.933Z"}
error: 
      status - 400
      message - Authorization token is required 
      url - /api/v1/notes 
      method - POST 
      IP - ::1
     {"timestamp":"2022-06-28T10:35:06.783Z"}
info: Server started at http://localhost:7000/api/v1/ {"timestamp":"2022-06-28T10:36:33.983Z"}
info: Connected to the database. {"timestamp":"2022-06-28T10:36:34.046Z"}
info: Server started at http://localhost:7000/api/v1/ {"timestamp":"2022-06-28T10:36:47.511Z"}
info: Connected to the database. {"timestamp":"2022-06-28T10:36:47.564Z"}
error: 
      status - 400
      message - Authorization token is required 
      url - /api/v1/notes 
      method - POST 
      IP - ::1
     {"timestamp":"2022-06-28T10:36:54.355Z"}
error: 
      status - 400
      message - Authorization token is required 
      url - /api/v1/notes 
      method - POST 
      IP - ::1
     {"timestamp":"2022-06-28T10:36:56.273Z"}
error: 
      status - 400
      message - Authorization token is required 
      url - /api/v1/notes 
      method - POST 
      IP - ::1
     {"timestamp":"2022-06-28T10:36:57.514Z"}
error: 
      status - 400
      message - Authorization token is required 
      url - /api/v1/notes 
      method - POST 
      IP - ::1
     {"timestamp":"2022-06-28T10:36:58.753Z"}
error: 
      status - 400
      message - Authorization token is required 
      url - /api/v1/notes 
      method - POST 
      IP - ::1
     {"timestamp":"2022-06-28T10:36:59.925Z"}
error: 
      status - 400
      message - Authorization token is required 
      url - /api/v1/notes 
      method - POST 
      IP - ::1
     {"timestamp":"2022-06-28T10:37:00.994Z"}
info: Server started at http://localhost:7000/api/v1/ {"timestamp":"2022-06-28T10:41:18.035Z"}
info: Connected to the database. {"timestamp":"2022-06-28T10:41:18.094Z"}
info: Server started at http://localhost:7000/api/v1/ {"timestamp":"2022-06-28T10:42:40.331Z"}
info: Connected to the database. {"timestamp":"2022-06-28T10:42:40.383Z"}
info: Server started at http://localhost:7000/api/v1/ {"timestamp":"2022-06-28T10:52:53.053Z"}
info: Connected to the database. {"timestamp":"2022-06-28T10:52:53.118Z"}
info: Server started at http://localhost:7000/api/v1/ {"timestamp":"2022-06-28T11:29:22.009Z"}
info: Connected to the database. {"timestamp":"2022-06-28T11:29:22.034Z"}
info: Server started at http://localhost:7000/api/v1/ {"timestamp":"2022-06-28T11:42:27.025Z"}
info: Connected to the database. {"timestamp":"2022-06-28T11:42:27.052Z"}
info: Server started at http://localhost:7000/api/v1/ {"timestamp":"2022-06-28T11:46:12.087Z"}
info: Connected to the database. {"timestamp":"2022-06-28T11:46:12.115Z"}
error: 
    status - 500 
    message - undefined 
    url - /api/v1/notes 
    method - GET 
    IP - ::1
   {"timestamp":"2022-06-28T11:46:16.232Z"}
info: Server started at http://localhost:7000/api/v1/ {"timestamp":"2022-06-28T11:46:34.787Z"}
info: Connected to the database. {"timestamp":"2022-06-28T11:46:34.819Z"}
info: Server started at http://localhost:7000/api/v1/ {"timestamp":"2022-06-28T11:48:12.366Z"}
info: Connected to the database. {"timestamp":"2022-06-28T11:48:12.393Z"}
info: Server started at http://localhost:7000/api/v1/ {"timestamp":"2022-06-28T11:50:12.308Z"}
info: Connected to the database. {"timestamp":"2022-06-28T11:50:12.336Z"}
info: Server started at http://localhost:7000/api/v1/ {"timestamp":"2022-06-28T11:59:33.068Z"}
info: Connected to the database. {"timestamp":"2022-06-28T11:59:33.097Z"}
error: 
    status - 500 
    message - undefined 
    url - /api/v1/notes/62bae96f5995a02938b64936 
    method - GET 
    IP - ::1
   {"timestamp":"2022-06-28T12:00:09.063Z"}
info: Server started at http://localhost:7000/api/v1/ {"timestamp":"2022-06-28T12:00:34.341Z"}
info: Connected to the database. {"timestamp":"2022-06-28T12:00:34.362Z"}
error: 
    status - 500 
    message - undefined 
    url - /api/v1/notes/62bae96f5995a02938b64936 
    method - GET 
    IP - ::1
   {"timestamp":"2022-06-28T12:00:38.676Z"}
info: Server started at http://localhost:7000/api/v1/ {"timestamp":"2022-06-28T12:01:13.241Z"}
info: Connected to the database. {"timestamp":"2022-06-28T12:01:13.263Z"}
error: 
    status - 500 
    message - undefined 
    url - /api/v1/notes/62bae96f5995a02938b64936 
    method - GET 
    IP - ::1
   {"timestamp":"2022-06-28T12:01:16.768Z"}
error: 
    status - 500 
    message - undefined 
    url - /api/v1/notes/62bae99c5995a02938b64938 
    method - GET 
    IP - ::1
   {"timestamp":"2022-06-28T12:01:47.917Z"}
info: Server started at http://localhost:7000/api/v1/ {"timestamp":"2022-06-28T12:04:11.620Z"}
info: Connected to the database. {"timestamp":"2022-06-28T12:04:11.684Z"}
info: Server started at http://localhost:7000/api/v1/ {"timestamp":"2022-06-28T12:05:10.443Z"}
info: Connected to the database. {"timestamp":"2022-06-28T12:05:10.482Z"}
info: Server started at http://localhost:7000/api/v1/ {"timestamp":"2022-06-28T12:05:39.336Z"}
info: Connected to the database. {"timestamp":"2022-06-28T12:05:39.389Z"}
info: Server started at http://localhost:7000/api/v1/ {"timestamp":"2022-06-28T12:10:25.919Z"}
info: Connected to the database. {"timestamp":"2022-06-28T12:10:25.965Z"}
info: Server started at http://localhost:7000/api/v1/ {"timestamp":"2022-06-28T12:12:13.269Z"}
info: Connected to the database. {"timestamp":"2022-06-28T12:12:13.336Z"}
info: Server started at http://localhost:7000/api/v1/ {"timestamp":"2022-06-28T12:13:42.310Z"}
info: Connected to the database. {"timestamp":"2022-06-28T12:13:42.349Z"}
info: Server started at http://localhost:7000/api/v1/ {"timestamp":"2022-06-28T12:14:25.517Z"}
info: Connected to the database. {"timestamp":"2022-06-28T12:14:25.561Z"}
info: Server started at http://localhost:7000/api/v1/ {"timestamp":"2022-06-28T12:20:54.090Z"}
info: Connected to the database. {"timestamp":"2022-06-28T12:20:54.150Z"}
info: Server started at http://localhost:7000/api/v1/ {"timestamp":"2022-06-28T12:34:04.218Z"}
info: Connected to the database. {"timestamp":"2022-06-28T12:34:04.268Z"}
