info: Server started at http://localhost:3000/api/v1/ {"timestamp":"2022-06-27T06:51:17.437Z"}
info: Connected to the database. {"timestamp":"2022-06-27T06:51:22.969Z"}
info: Server started at http://localhost:7000/api/v1/ {"timestamp":"2022-06-27T06:52:22.128Z"}
info: Connected to the database. {"timestamp":"2022-06-27T06:52:25.593Z"}
info: Server started at http://localhost:7000/api/v1/ {"timestamp":"2022-06-27T08:59:11.954Z"}
info: Connected to the database. {"timestamp":"2022-06-27T08:59:12.020Z"}
info: Server started at http://localhost:7000/api/v1/ {"timestamp":"2022-06-27T09:10:47.864Z"}
info: Connected to the database. {"timestamp":"2022-06-27T09:10:47.912Z"}
error: 
    status - 500 
    message - TypeError: UserService.UserRegistration is not a function
    at _callee3$ (C:\Users\soora\Desktop\fundooNotes_Backend\fundooNotes_Backend\src\controllers\/user.controller.js:50:36)
    at tryCatch (C:\Users\soora\Desktop\fundooNotes_Backend\fundooNotes_Backend\node_modules\@babel\runtime\helpers\regeneratorRuntime.js:86:17)
    at Generator._invoke (C:\Users\soora\Desktop\fundooNotes_Backend\fundooNotes_Backend\node_modules\@babel\runtime\helpers\regeneratorRuntime.js:66:24)
    at Generator.next (C:\Users\soora\Desktop\fundooNotes_Backend\fundooNotes_Backend\node_modules\@babel\runtime\helpers\regeneratorRuntime.js:117:21)
    at asyncGeneratorStep (C:\Users\soora\Desktop\fundooNotes_Backend\fundooNotes_Backend\node_modules\@babel\runtime\helpers\asyncToGenerator.js:3:24)
    at _next (C:\Users\soora\Desktop\fundooNotes_Backend\fundooNotes_Backend\node_modules\@babel\runtime\helpers\asyncToGenerator.js:25:9)
    at C:\Users\soora\Desktop\fundooNotes_Backend\fundooNotes_Backend\node_modules\@babel\runtime\helpers\asyncToGenerator.js:32:7
    at new Promise (<anonymous>)
    at C:\Users\soora\Desktop\fundooNotes_Backend\fundooNotes_Backend\node_modules\@babel\runtime\helpers\asyncToGenerator.js:21:12
    at UserRegistration (C:\Users\soora\Desktop\fundooNotes_Backend\fundooNotes_Backend\src\controllers\/user.controller.js:48:30)
    at Layer.handle [as handle_request] (C:\Users\soora\Desktop\fundooNotes_Backend\fundooNotes_Backend\node_modules\express\lib\router\layer.js:95:5)
    at next (C:\Users\soora\Desktop\fundooNotes_Backend\fundooNotes_Backend\node_modules\express\lib\router\route.js:144:13)
    at newUserValidator (C:\Users\soora\Desktop\fundooNotes_Backend\fundooNotes_Backend\src\validators\/user.validator.js:15:5)
    at Layer.handle [as handle_request] (C:\Users\soora\Desktop\fundooNotes_Backend\fundooNotes_Backend\node_modules\express\lib\router\layer.js:95:5)
    at next (C:\Users\soora\Desktop\fundooNotes_Backend\fundooNotes_Backend\node_modules\express\lib\router\route.js:144:13)
    at Route.dispatch (C:\Users\soora\Desktop\fundooNotes_Backend\fundooNotes_Backend\node_modules\express\lib\router\route.js:114:3) 
    url - /api/v1/users 
    method - POST 
    IP - ::1
   {"timestamp":"2022-06-27T09:11:25.103Z"}
info: Server started at http://localhost:7000/api/v1/ {"timestamp":"2022-06-27T09:12:35.402Z"}
info: Connected to the database. {"timestamp":"2022-06-27T09:12:35.449Z"}
error: 
    status - 500 
    message - ReferenceError: bcrypt is not defined
    at _callee2$ (C:\Users\soora\Desktop\fundooNotes_Backend\fundooNotes_Backend\src\services\/user.service.js:10:33)
    at tryCatch (C:\Users\soora\Desktop\fundooNotes_Backend\fundooNotes_Backend\node_modules\@babel\runtime\helpers\regeneratorRuntime.js:86:17)
    at Generator._invoke (C:\Users\soora\Desktop\fundooNotes_Backend\fundooNotes_Backend\node_modules\@babel\runtime\helpers\regeneratorRuntime.js:66:24)
    at Generator.next (C:\Users\soora\Desktop\fundooNotes_Backend\fundooNotes_Backend\node_modules\@babel\runtime\helpers\regeneratorRuntime.js:117:21)
    at asyncGeneratorStep (C:\Users\soora\Desktop\fundooNotes_Backend\fundooNotes_Backend\node_modules\@babel\runtime\helpers\asyncToGenerator.js:3:24)
    at _next (C:\Users\soora\Desktop\fundooNotes_Backend\fundooNotes_Backend\node_modules\@babel\runtime\helpers\asyncToGenerator.js:25:9)
    at C:\Users\soora\Desktop\fundooNotes_Backend\fundooNotes_Backend\node_modules\@babel\runtime\helpers\asyncToGenerator.js:32:7
    at new Promise (<anonymous>)
    at Object.<anonymous> (C:\Users\soora\Desktop\fundooNotes_Backend\fundooNotes_Backend\node_modules\@babel\runtime\helpers\asyncToGenerator.js:21:12)
    at Object.userRegistration (C:\Users\soora\Desktop\fundooNotes_Backend\fundooNotes_Backend\src\services\/user.service.js:10:30)
    at _callee3$ (C:\Users\soora\Desktop\fundooNotes_Backend\fundooNotes_Backend\src\controllers\/user.controller.js:50:36)
    at tryCatch (C:\Users\soora\Desktop\fundooNotes_Backend\fundooNotes_Backend\node_modules\@babel\runtime\helpers\regeneratorRuntime.js:86:17)
    at Generator._invoke (C:\Users\soora\Desktop\fundooNotes_Backend\fundooNotes_Backend\node_modules\@babel\runtime\helpers\regeneratorRuntime.js:66:24)
    at Generator.next (C:\Users\soora\Desktop\fundooNotes_Backend\fundooNotes_Backend\node_modules\@babel\runtime\helpers\regeneratorRuntime.js:117:21)
    at asyncGeneratorStep (C:\Users\soora\Desktop\fundooNotes_Backend\fundooNotes_Backend\node_modules\@babel\runtime\helpers\asyncToGenerator.js:3:24)
    at _next (C:\Users\soora\Desktop\fundooNotes_Backend\fundooNotes_Backend\node_modules\@babel\runtime\helpers\asyncToGenerator.js:25:9) 
    url - /api/v1/users 
    method - POST 
    IP - ::1
   {"timestamp":"2022-06-27T09:12:38.920Z"}
info: Server started at http://localhost:7000/api/v1/ {"timestamp":"2022-06-27T09:17:09.978Z"}
info: Connected to the database. {"timestamp":"2022-06-27T09:17:10.017Z"}
error: 
    status - 500 
    message - Error: "email" must be a valid email 
    url - /api/v1/users 
    method - POST 
    IP - ::1
   {"timestamp":"2022-06-27T09:18:40.222Z"}
info: Server started at http://localhost:7000/api/v1/ {"timestamp":"2022-06-27T09:48:36.432Z"}
info: Connected to the database. {"timestamp":"2022-06-27T09:48:36.457Z"}
info: Server started at http://localhost:7000/api/v1/ {"timestamp":"2022-06-27T09:52:48.314Z"}
info: Connected to the database. {"timestamp":"2022-06-27T09:52:48.338Z"}
info: Server started at http://localhost:7000/api/v1/ {"timestamp":"2022-06-27T09:53:57.206Z"}
info: Connected to the database. {"timestamp":"2022-06-27T09:53:57.230Z"}
info: Server started at http://localhost:7000/api/v1/ {"timestamp":"2022-06-27T09:54:45.765Z"}
info: Connected to the database. {"timestamp":"2022-06-27T09:54:45.785Z"}
info: Server started at http://localhost:7000/api/v1/ {"timestamp":"2022-06-27T09:59:47.856Z"}
info: Connected to the database. {"timestamp":"2022-06-27T09:59:47.882Z"}
info: Server started at http://localhost:7000/api/v1/ {"timestamp":"2022-06-27T09:59:51.255Z"}
info: Connected to the database. {"timestamp":"2022-06-27T09:59:51.285Z"}
info: Server started at http://localhost:7000/api/v1/ {"timestamp":"2022-06-27T10:01:41.179Z"}
info: Connected to the database. {"timestamp":"2022-06-27T10:01:41.199Z"}
info: Server started at http://localhost:7000/api/v1/ {"timestamp":"2022-06-27T10:02:33.371Z"}
info: Connected to the database. {"timestamp":"2022-06-27T10:02:33.396Z"}
info: Server started at http://localhost:7000/api/v1/ {"timestamp":"2022-06-27T10:03:03.952Z"}
info: Connected to the database. {"timestamp":"2022-06-27T10:03:03.983Z"}
info: Server started at http://localhost:7000/api/v1/ {"timestamp":"2022-06-28T02:52:52.794Z"}
info: Connected to the database. {"timestamp":"2022-06-28T02:52:52.843Z"}
info: Server started at http://localhost:7000/api/v1/ {"timestamp":"2022-06-28T02:55:43.871Z"}
info: Connected to the database. {"timestamp":"2022-06-28T02:55:44.039Z"}
info: Server started at http://localhost:7000/api/v1/ {"timestamp":"2022-06-28T10:23:25.661Z"}
info: Connected to the database. {"timestamp":"2022-06-28T10:23:25.724Z"}
error: 
    status - 500 
    message - Error: "firstname" is required 
    url - /api/v1/users 
    method - POST 
    IP - ::1
   {"timestamp":"2022-06-28T10:24:30.222Z"}
error: 
      status - 400
      message - Authorization token is required 
      url - /api/v1/users/login 
      method - GET 
      IP - ::1
     {"timestamp":"2022-06-28T10:27:11.810Z"}
info: Server started at http://localhost:7000/api/v1/ {"timestamp":"2022-06-28T10:27:58.420Z"}
info: Connected to the database. {"timestamp":"2022-06-28T10:27:58.477Z"}
error: 
      status - 400
      message - Authorization token is required 
      url - /api/v1/users/login 
      method - GET 
      IP - ::1
     {"timestamp":"2022-06-28T10:28:55.403Z"}
error: 
      status - 400
      message - Authorization token is required 
      url - /api/v1/users/login 
      method - GET 
      IP - ::1
     {"timestamp":"2022-06-28T10:29:05.863Z"}
info: Server started at http://localhost:7000/api/v1/ {"timestamp":"2022-06-28T10:31:32.536Z"}
info: Connected to the database. {"timestamp":"2022-06-28T10:31:32.589Z"}
error: 
      status - 400
      message - Authorization token is required 
      url - /api/v1/notes 
      method - POST 
      IP - ::1
     {"timestamp":"2022-06-28T10:34:40.933Z"}
error: 
      status - 400
      message - Authorization token is required 
      url - /api/v1/notes 
      method - POST 
      IP - ::1
     {"timestamp":"2022-06-28T10:35:06.783Z"}
info: Server started at http://localhost:7000/api/v1/ {"timestamp":"2022-06-28T10:36:33.983Z"}
info: Connected to the database. {"timestamp":"2022-06-28T10:36:34.046Z"}
info: Server started at http://localhost:7000/api/v1/ {"timestamp":"2022-06-28T10:36:47.511Z"}
info: Connected to the database. {"timestamp":"2022-06-28T10:36:47.564Z"}
error: 
      status - 400
      message - Authorization token is required 
      url - /api/v1/notes 
      method - POST 
      IP - ::1
     {"timestamp":"2022-06-28T10:36:54.355Z"}
error: 
      status - 400
      message - Authorization token is required 
      url - /api/v1/notes 
      method - POST 
      IP - ::1
     {"timestamp":"2022-06-28T10:36:56.273Z"}
error: 
      status - 400
      message - Authorization token is required 
      url - /api/v1/notes 
      method - POST 
      IP - ::1
     {"timestamp":"2022-06-28T10:36:57.514Z"}
error: 
      status - 400
      message - Authorization token is required 
      url - /api/v1/notes 
      method - POST 
      IP - ::1
     {"timestamp":"2022-06-28T10:36:58.753Z"}
error: 
      status - 400
      message - Authorization token is required 
      url - /api/v1/notes 
      method - POST 
      IP - ::1
     {"timestamp":"2022-06-28T10:36:59.925Z"}
error: 
      status - 400
      message - Authorization token is required 
      url - /api/v1/notes 
      method - POST 
      IP - ::1
     {"timestamp":"2022-06-28T10:37:00.994Z"}
info: Server started at http://localhost:7000/api/v1/ {"timestamp":"2022-06-28T10:41:18.035Z"}
info: Connected to the database. {"timestamp":"2022-06-28T10:41:18.094Z"}
info: Server started at http://localhost:7000/api/v1/ {"timestamp":"2022-06-28T10:42:40.331Z"}
info: Connected to the database. {"timestamp":"2022-06-28T10:42:40.383Z"}
info: Server started at http://localhost:7000/api/v1/ {"timestamp":"2022-06-28T10:52:53.053Z"}
info: Connected to the database. {"timestamp":"2022-06-28T10:52:53.118Z"}
