error: 
    status - 500 
    message - TypeError: UserService.UserRegistration is not a function
    at _callee3$ (C:\Users\soora\Desktop\fundooNotes_Backend\fundooNotes_Backend\src\controllers\/user.controller.js:50:36)
    at tryCatch (C:\Users\soora\Desktop\fundooNotes_Backend\fundooNotes_Backend\node_modules\@babel\runtime\helpers\regeneratorRuntime.js:86:17)
    at Generator._invoke (C:\Users\soora\Desktop\fundooNotes_Backend\fundooNotes_Backend\node_modules\@babel\runtime\helpers\regeneratorRuntime.js:66:24)
    at Generator.next (C:\Users\soora\Desktop\fundooNotes_Backend\fundooNotes_Backend\node_modules\@babel\runtime\helpers\regeneratorRuntime.js:117:21)
    at asyncGeneratorStep (C:\Users\soora\Desktop\fundooNotes_Backend\fundooNotes_Backend\node_modules\@babel\runtime\helpers\asyncToGenerator.js:3:24)
    at _next (C:\Users\soora\Desktop\fundooNotes_Backend\fundooNotes_Backend\node_modules\@babel\runtime\helpers\asyncToGenerator.js:25:9)
    at C:\Users\soora\Desktop\fundooNotes_Backend\fundooNotes_Backend\node_modules\@babel\runtime\helpers\asyncToGenerator.js:32:7
    at new Promise (<anonymous>)
    at C:\Users\soora\Desktop\fundooNotes_Backend\fundooNotes_Backend\node_modules\@babel\runtime\helpers\asyncToGenerator.js:21:12
    at UserRegistration (C:\Users\soora\Desktop\fundooNotes_Backend\fundooNotes_Backend\src\controllers\/user.controller.js:48:30)
    at Layer.handle [as handle_request] (C:\Users\soora\Desktop\fundooNotes_Backend\fundooNotes_Backend\node_modules\express\lib\router\layer.js:95:5)
    at next (C:\Users\soora\Desktop\fundooNotes_Backend\fundooNotes_Backend\node_modules\express\lib\router\route.js:144:13)
    at newUserValidator (C:\Users\soora\Desktop\fundooNotes_Backend\fundooNotes_Backend\src\validators\/user.validator.js:15:5)
    at Layer.handle [as handle_request] (C:\Users\soora\Desktop\fundooNotes_Backend\fundooNotes_Backend\node_modules\express\lib\router\layer.js:95:5)
    at next (C:\Users\soora\Desktop\fundooNotes_Backend\fundooNotes_Backend\node_modules\express\lib\router\route.js:144:13)
    at Route.dispatch (C:\Users\soora\Desktop\fundooNotes_Backend\fundooNotes_Backend\node_modules\express\lib\router\route.js:114:3) 
    url - /api/v1/users 
    method - POST 
    IP - ::1
   {"timestamp":"2022-06-27T09:11:25.103Z"}
error: 
    status - 500 
    message - ReferenceError: bcrypt is not defined
    at _callee2$ (C:\Users\soora\Desktop\fundooNotes_Backend\fundooNotes_Backend\src\services\/user.service.js:10:33)
    at tryCatch (C:\Users\soora\Desktop\fundooNotes_Backend\fundooNotes_Backend\node_modules\@babel\runtime\helpers\regeneratorRuntime.js:86:17)
    at Generator._invoke (C:\Users\soora\Desktop\fundooNotes_Backend\fundooNotes_Backend\node_modules\@babel\runtime\helpers\regeneratorRuntime.js:66:24)
    at Generator.next (C:\Users\soora\Desktop\fundooNotes_Backend\fundooNotes_Backend\node_modules\@babel\runtime\helpers\regeneratorRuntime.js:117:21)
    at asyncGeneratorStep (C:\Users\soora\Desktop\fundooNotes_Backend\fundooNotes_Backend\node_modules\@babel\runtime\helpers\asyncToGenerator.js:3:24)
    at _next (C:\Users\soora\Desktop\fundooNotes_Backend\fundooNotes_Backend\node_modules\@babel\runtime\helpers\asyncToGenerator.js:25:9)
    at C:\Users\soora\Desktop\fundooNotes_Backend\fundooNotes_Backend\node_modules\@babel\runtime\helpers\asyncToGenerator.js:32:7
    at new Promise (<anonymous>)
    at Object.<anonymous> (C:\Users\soora\Desktop\fundooNotes_Backend\fundooNotes_Backend\node_modules\@babel\runtime\helpers\asyncToGenerator.js:21:12)
    at Object.userRegistration (C:\Users\soora\Desktop\fundooNotes_Backend\fundooNotes_Backend\src\services\/user.service.js:10:30)
    at _callee3$ (C:\Users\soora\Desktop\fundooNotes_Backend\fundooNotes_Backend\src\controllers\/user.controller.js:50:36)
    at tryCatch (C:\Users\soora\Desktop\fundooNotes_Backend\fundooNotes_Backend\node_modules\@babel\runtime\helpers\regeneratorRuntime.js:86:17)
    at Generator._invoke (C:\Users\soora\Desktop\fundooNotes_Backend\fundooNotes_Backend\node_modules\@babel\runtime\helpers\regeneratorRuntime.js:66:24)
    at Generator.next (C:\Users\soora\Desktop\fundooNotes_Backend\fundooNotes_Backend\node_modules\@babel\runtime\helpers\regeneratorRuntime.js:117:21)
    at asyncGeneratorStep (C:\Users\soora\Desktop\fundooNotes_Backend\fundooNotes_Backend\node_modules\@babel\runtime\helpers\asyncToGenerator.js:3:24)
    at _next (C:\Users\soora\Desktop\fundooNotes_Backend\fundooNotes_Backend\node_modules\@babel\runtime\helpers\asyncToGenerator.js:25:9) 
    url - /api/v1/users 
    method - POST 
    IP - ::1
   {"timestamp":"2022-06-27T09:12:38.920Z"}
error: 
    status - 500 
    message - Error: "email" must be a valid email 
    url - /api/v1/users 
    method - POST 
    IP - ::1
   {"timestamp":"2022-06-27T09:18:40.222Z"}
error: 
    status - 500 
    message - Error: "firstname" is required 
    url - /api/v1/users 
    method - POST 
    IP - ::1
   {"timestamp":"2022-06-28T10:24:30.222Z"}
error: 
      status - 400
      message - Authorization token is required 
      url - /api/v1/users/login 
      method - GET 
      IP - ::1
     {"timestamp":"2022-06-28T10:27:11.810Z"}
error: 
      status - 400
      message - Authorization token is required 
      url - /api/v1/users/login 
      method - GET 
      IP - ::1
     {"timestamp":"2022-06-28T10:28:55.403Z"}
error: 
      status - 400
      message - Authorization token is required 
      url - /api/v1/users/login 
      method - GET 
      IP - ::1
     {"timestamp":"2022-06-28T10:29:05.863Z"}
error: 
      status - 400
      message - Authorization token is required 
      url - /api/v1/notes 
      method - POST 
      IP - ::1
     {"timestamp":"2022-06-28T10:34:40.933Z"}
error: 
      status - 400
      message - Authorization token is required 
      url - /api/v1/notes 
      method - POST 
      IP - ::1
     {"timestamp":"2022-06-28T10:35:06.783Z"}
error: 
      status - 400
      message - Authorization token is required 
      url - /api/v1/notes 
      method - POST 
      IP - ::1
     {"timestamp":"2022-06-28T10:36:54.355Z"}
error: 
      status - 400
      message - Authorization token is required 
      url - /api/v1/notes 
      method - POST 
      IP - ::1
     {"timestamp":"2022-06-28T10:36:56.273Z"}
error: 
      status - 400
      message - Authorization token is required 
      url - /api/v1/notes 
      method - POST 
      IP - ::1
     {"timestamp":"2022-06-28T10:36:57.514Z"}
error: 
      status - 400
      message - Authorization token is required 
      url - /api/v1/notes 
      method - POST 
      IP - ::1
     {"timestamp":"2022-06-28T10:36:58.753Z"}
error: 
      status - 400
      message - Authorization token is required 
      url - /api/v1/notes 
      method - POST 
      IP - ::1
     {"timestamp":"2022-06-28T10:36:59.925Z"}
error: 
      status - 400
      message - Authorization token is required 
      url - /api/v1/notes 
      method - POST 
      IP - ::1
     {"timestamp":"2022-06-28T10:37:00.994Z"}
error: 
    status - 500 
    message - undefined 
    url - /api/v1/notes 
    method - GET 
    IP - ::1
   {"timestamp":"2022-06-28T11:46:16.232Z"}
error: 
    status - 500 
    message - undefined 
    url - /api/v1/notes/62bae96f5995a02938b64936 
    method - GET 
    IP - ::1
   {"timestamp":"2022-06-28T12:00:09.063Z"}
error: 
    status - 500 
    message - undefined 
    url - /api/v1/notes/62bae96f5995a02938b64936 
    method - GET 
    IP - ::1
   {"timestamp":"2022-06-28T12:00:38.676Z"}
error: 
    status - 500 
    message - undefined 
    url - /api/v1/notes/62bae96f5995a02938b64936 
    method - GET 
    IP - ::1
   {"timestamp":"2022-06-28T12:01:16.768Z"}
error: 
    status - 500 
    message - undefined 
    url - /api/v1/notes/62bae99c5995a02938b64938 
    method - GET 
    IP - ::1
   {"timestamp":"2022-06-28T12:01:47.917Z"}
error: 
    status - 500 
    message - Error: "firstname" is required 
    url - /api/v1/users 
    method - POST 
    IP - ::1
   {"timestamp":"2022-06-29T03:06:31.752Z"}
error: 
    status - 500 
    message - Error: "Title" is required 
    url - /api/v1/notes 
    method - POST 
    IP - ::1
   {"timestamp":"2022-06-29T03:17:46.174Z"}
error: 
    status - 500 
    message - Error: "value" must be of type object 
    url - /api/v1/notes 
    method - POST 
    IP - ::1
   {"timestamp":"2022-06-30T03:47:47.686Z"}
error: 
    status - 500 
    message - Error: "value" must be of type object 
    url - /api/v1/notes 
    method - POST 
    IP - ::1
   {"timestamp":"2022-06-30T03:48:09.971Z"}
error: 
    status - 500 
    message - Error: "value" must be of type object 
    url - /api/v1/notes 
    method - POST 
    IP - ::1
   {"timestamp":"2022-06-30T03:49:05.488Z"}
error: 
    status - 500 
    message - Error: "UserID" is not allowed 
    url - /api/v1/notes 
    method - POST 
    IP - ::1
   {"timestamp":"2022-06-30T03:50:59.867Z"}
error: 
    status - 500 
    message - SyntaxError: Unexpected end of JSON input
    at JSON.parse (<anonymous>)
    at createStrictSyntaxError (C:\Users\soora\Desktop\fundooNotes_Backend\fundooNotes_Backend\node_modules\body-parser\lib\types\json.js:160:10)
    at parse (C:\Users\soora\Desktop\fundooNotes_Backend\fundooNotes_Backend\node_modules\body-parser\lib\types\json.js:83:15)
    at C:\Users\soora\Desktop\fundooNotes_Backend\fundooNotes_Backend\node_modules\body-parser\lib\read.js:128:18
    at AsyncResource.runInAsyncScope (async_hooks.js:198:9)
    at invokeCallback (C:\Users\soora\Desktop\fundooNotes_Backend\fundooNotes_Backend\node_modules\raw-body\index.js:231:16)
    at done (C:\Users\soora\Desktop\fundooNotes_Backend\fundooNotes_Backend\node_modules\raw-body\index.js:220:7)
    at IncomingMessage.onEnd (C:\Users\soora\Desktop\fundooNotes_Backend\fundooNotes_Backend\node_modules\raw-body\index.js:280:7)
    at IncomingMessage.emit (events.js:327:22)
    at IncomingMessage.EventEmitter.emit (domain.js:467:12)
    at endReadableNT (internal/streams/readable.js:1327:12)
    at processTicksAndRejections (internal/process/task_queues.js:80:21) 
    url - /api/v1/notes 
    method - GET 
    IP - ::1
   {"timestamp":"2022-06-30T03:57:26.935Z"}
