info: ::1 - - [30/Jun/2022:03:36:07 +0000] "GET /api/v1/notes HTTP/1.1" 200 924 "-" "PostmanRuntime/7.29.0"

info: ::1 - - [30/Jun/2022:03:37:33 +0000] "POST /api/v1/users HTTP/1.1" 201 319 "-" "PostmanRuntime/7.29.0"

info: ::1 - - [30/Jun/2022:03:37:52 +0000] "POST /api/v1/users/login HTTP/1.1" 200 393 "-" "PostmanRuntime/7.29.0"

info: ::1 - - [30/Jun/2022:03:38:10 +0000] "GET /api/v1/notes HTTP/1.1" 200 924 "-" "PostmanRuntime/7.29.0"

info: ::1 - - [30/Jun/2022:03:41:26 +0000] "GET /api/v1/notes HTTP/1.1" 200 924 "-" "PostmanRuntime/7.29.0"

info: ::1 - - [30/Jun/2022:03:47:47 +0000] "POST /api/v1/notes HTTP/1.1" 500 67 "-" "PostmanRuntime/7.29.0"

info: ::1 - - [30/Jun/2022:03:48:09 +0000] "POST /api/v1/notes HTTP/1.1" 500 67 "-" "PostmanRuntime/7.29.0"

info: ::1 - - [30/Jun/2022:03:49:05 +0000] "POST /api/v1/notes HTTP/1.1" 500 67 "-" "PostmanRuntime/7.29.0"

info: ::1 - - [30/Jun/2022:03:50:59 +0000] "POST /api/v1/notes HTTP/1.1" 500 60 "-" "PostmanRuntime/7.29.0"

info: ::1 - - [30/Jun/2022:03:52:01 +0000] "POST /api/v1/notes HTTP/1.1" 201 243 "-" "PostmanRuntime/7.29.0"

info: ::1 - - [30/Jun/2022:03:54:52 +0000] "GET /api/v1/notes HTTP/1.1" 200 255 "-" "PostmanRuntime/7.29.0"

info: ::1 - - [30/Jun/2022:03:55:54 +0000] "POST /api/v1/users/login HTTP/1.1" 200 388 "-" "PostmanRuntime/7.29.0"

info: ::1 - - [30/Jun/2022:03:56:25 +0000] "GET /api/v1/notes HTTP/1.1" 200 255 "-" "PostmanRuntime/7.29.0"

info: ::1 - - [30/Jun/2022:03:57:15 +0000] "GET /api/v1/notes HTTP/1.1" 200 255 "-" "PostmanRuntime/7.29.0"

info: ::1 - - [30/Jun/2022:03:57:40 +0000] "GET /api/v1/notes HTTP/1.1" 200 255 "-" "PostmanRuntime/7.29.0"

info: ::1 - - [30/Jun/2022:04:00:00 +0000] "POST /api/v1/users HTTP/1.1" 201 320 "-" "PostmanRuntime/7.29.0"

info: ::1 - - [30/Jun/2022:04:00:28 +0000] "POST /api/v1/users/login HTTP/1.1" 200 394 "-" "PostmanRuntime/7.29.0"

info: ::1 - - [30/Jun/2022:04:00:58 +0000] "GET /api/v1/notes HTTP/1.1" 200 255 "-" "PostmanRuntime/7.29.0"

info: ::1 - - [30/Jun/2022:04:01:17 +0000] "GET /api/v1/notes HTTP/1.1" 200 65 "-" "PostmanRuntime/7.29.0"

info: ::1 - - [30/Jun/2022:04:02:44 +0000] "POST /api/v1/notes HTTP/1.1" 201 261 "-" "PostmanRuntime/7.29.0"

info: ::1 - - [30/Jun/2022:04:02:51 +0000] "GET /api/v1/notes HTTP/1.1" 200 273 "-" "PostmanRuntime/7.29.0"

info: ::1 - - [30/Jun/2022:09:48:42 +0000] "GET /api/v1/notes HTTP/1.1" 200 273 "-" "PostmanRuntime/7.29.0"

info: ::1 - - [30/Jun/2022:09:49:17 +0000] "POST /api/v1/notes HTTP/1.1" 201 264 "-" "PostmanRuntime/7.29.0"

info: ::1 - - [30/Jun/2022:09:49:43 +0000] "PUT /api/v1/notes/62bd719dfda67a1ed42b6678/isArchived HTTP/1.1" 200 269 "-" "PostmanRuntime/7.29.0"

info: ::1 - - [30/Jun/2022:09:50:01 +0000] "GET /api/v1/notes HTTP/1.1" 200 273 "-" "PostmanRuntime/7.29.0"

info: ::1 - - [30/Jun/2022:09:53:33 +0000] "POST /api/v1/notes HTTP/1.1" 201 273 "-" "PostmanRuntime/7.29.0"

info: ::1 - - [30/Jun/2022:09:54:07 +0000] "POST /api/v1/notes/62bd729db54a7724f4dc3549/isArchived HTTP/1.1" 404 47 "-" "PostmanRuntime/7.29.0"

info: ::1 - - [30/Jun/2022:09:54:39 +0000] "PUT /api/v1/notes/62bd729db54a7724f4dc3549/isArchived HTTP/1.1" 500 22 "-" "PostmanRuntime/7.29.0"

info: ::1 - - [30/Jun/2022:09:56:10 +0000] "GET /api/v1/notes HTTP/1.1" 200 494 "-" "PostmanRuntime/7.29.0"

info: ::1 - - [30/Jun/2022:09:56:44 +0000] "PUT /api/v1/notes/62bd729db54a7724f4dc3549/isArchived HTTP/1.1" 200 62 "-" "PostmanRuntime/7.29.0"

info: ::1 - - [30/Jun/2022:09:57:47 +0000] "GET /api/v1/notes HTTP/1.1" 200 494 "-" "PostmanRuntime/7.29.0"

info: ::1 - - [30/Jun/2022:09:58:06 +0000] "GET /api/v1/notes HTTP/1.1" 200 494 "-" "PostmanRuntime/7.29.0"

info: ::1 - - [30/Jun/2022:09:59:20 +0000] "PUT /api/v1/notes/62bd20641c00f702847e9c9c/isArchived HTTP/1.1" 200 62 "-" "PostmanRuntime/7.29.0"

info: ::1 - - [30/Jun/2022:09:59:41 +0000] "GET /api/v1/notes/62bd20641c00f702847e9c9c HTTP/1.1" 200 271 "-" "PostmanRuntime/7.29.0"

info: ::1 - - [30/Jun/2022:09:59:47 +0000] "GET /api/v1/notes/ HTTP/1.1" 200 494 "-" "PostmanRuntime/7.29.0"

info: ::1 - - [30/Jun/2022:10:31:21 +0000] "PUT /api/v1/notes/62bd729db54a7724f4dc3549/isArchived HTTP/1.1" 500 62 "-" "PostmanRuntime/7.29.0"

info: ::1 - - [30/Jun/2022:10:32:08 +0000] "PUT /api/v1/notes/62bd729db54a7724f4dc3549/isArchived HTTP/1.1" 500 77 "-" "PostmanRuntime/7.29.0"

info: ::1 - - [30/Jun/2022:10:33:06 +0000] "PUT /api/v1/notes/62bd729db54a7724f4dc3549/isArchived HTTP/1.1" 302 30 "-" "PostmanRuntime/7.29.0"

info: ::1 - - [30/Jun/2022:10:33:06 +0000] "GET /archive HTTP/1.1" 404 47 "http://localhost:7000/api/v1/notes/62bd729db54a7724f4dc3549/isArchived" "PostmanRuntime/7.29.0"

info: ::1 - - [30/Jun/2022:10:33:28 +0000] "GET /api/v1/notes/ HTTP/1.1" 200 532 "-" "PostmanRuntime/7.29.0"

info: ::1 - - [30/Jun/2022:10:35:57 +0000] "GET /api/v1/notes/ HTTP/1.1" 200 494 "-" "PostmanRuntime/7.29.0"

info: ::1 - - [30/Jun/2022:10:36:57 +0000] "PUT /api/v1/notes/62bd20641c00f702847e9c9c/isArchived HTTP/1.1" 302 30 "-" "PostmanRuntime/7.29.0"

info: ::1 - - [30/Jun/2022:10:36:57 +0000] "GET /archive HTTP/1.1" 404 47 "http://localhost:7000/api/v1/notes/62bd20641c00f702847e9c9c/isArchived" "PostmanRuntime/7.29.0"

info: ::1 - - [30/Jun/2022:10:40:15 +0000] "PUT /api/v1/notes/62bd20641c00f702847e9c9c/isArchived HTTP/1.1" 302 33 "-" "PostmanRuntime/7.29.0"

info: ::1 - - [30/Jun/2022:10:40:15 +0000] "GET /isArchived HTTP/1.1" 404 47 "http://localhost:7000/api/v1/notes/62bd20641c00f702847e9c9c/isArchived" "PostmanRuntime/7.29.0"

info: ::1 - - [30/Jun/2022:10:42:01 +0000] "PUT /api/v1/notes/62bd20641c00f702847e9c9c/isArchived HTTP/1.1" 302 33 "-" "PostmanRuntime/7.29.0"

info: ::1 - - [30/Jun/2022:10:42:01 +0000] "GET /isArchived HTTP/1.1" 404 47 "http://localhost:7000/api/v1/notes/62bd20641c00f702847e9c9c/isArchived" "PostmanRuntime/7.29.0"

info: ::1 - - [30/Jun/2022:10:43:07 +0000] "PUT /api/v1/notes/62bd20641c00f702847e9c9c/isArchived HTTP/1.1" 200 62 "-" "PostmanRuntime/7.29.0"

info: ::1 - - [30/Jun/2022:10:43:49 +0000] "PUT /api/v1/notes/62bd20641c00f702847e9c9c/isArchived HTTP/1.1" 200 62 "-" "PostmanRuntime/7.29.0"

info: ::1 - - [30/Jun/2022:10:44:01 +0000] "GET /api/v1/notes HTTP/1.1" 200 494 "-" "PostmanRuntime/7.29.0"

info: ::1 - - [30/Jun/2022:10:45:58 +0000] "PUT /api/v1/notes/62bd20641c00f702847e9c9c/isArchived HTTP/1.1" 500 22 "-" "PostmanRuntime/7.29.0"

info: ::1 - - [30/Jun/2022:10:46:22 +0000] "PUT /api/v1/notes/62bd20641c00f702847e9c9c/isArchived HTTP/1.1" 500 22 "-" "PostmanRuntime/7.29.0"

info: ::1 - - [30/Jun/2022:10:47:57 +0000] "PUT /api/v1/notes/62bd20641c00f702847e9c9c/isArchived HTTP/1.1" 500 22 "-" "PostmanRuntime/7.29.0"

info: ::1 - - [30/Jun/2022:10:48:09 +0000] "GET /api/v1/notes HTTP/1.1" 200 494 "-" "PostmanRuntime/7.29.0"

info: ::1 - - [30/Jun/2022:10:48:32 +0000] "PUT /api/v1/notes/62bd20641c00f702847e9c9c/isArchived HTTP/1.1" 500 22 "-" "PostmanRuntime/7.29.0"

info: ::1 - - [30/Jun/2022:10:52:31 +0000] "PUT /api/v1/notes/62bd20641c00f702847e9c9c/isArchived HTTP/1.1" 500 22 "-" "PostmanRuntime/7.29.0"

info: ::1 - - [30/Jun/2022:10:54:30 +0000] "PUT /api/v1/notes/62bd20641c00f702847e9c9c/isArchived HTTP/1.1" 500 22 "-" "PostmanRuntime/7.29.0"

info: ::1 - - [30/Jun/2022:10:54:40 +0000] "PUT /api/v1/notes/62bd20641c00f702847e9c9c/isArchived HTTP/1.1" 500 22 "-" "PostmanRuntime/7.29.0"

info: ::1 - - [30/Jun/2022:11:16:03 +0000] "PUT /api/v1/notes/62bd20641c00f702847e9c9c/isArchived HTTP/1.1" 500 22 "-" "PostmanRuntime/7.29.0"

info: ::1 - - [30/Jun/2022:11:16:41 +0000] "PUT /api/v1/notes/62bd20641c00f702847e9c9c/isArchived HTTP/1.1" 500 22 "-" "PostmanRuntime/7.29.0"

info: ::1 - - [30/Jun/2022:12:45:33 +0000] "PUT /api/v1/notes/62bd20641c00f702847e9c9c/isArchived HTTP/1.1" 500 22 "-" "PostmanRuntime/7.29.0"

info: ::1 - - [30/Jun/2022:12:45:47 +0000] "GET /api/v1/notes/62bd20641c00f702847e9c9c HTTP/1.1" 200 271 "-" "PostmanRuntime/7.29.0"

info: ::1 - - [30/Jun/2022:12:46:05 +0000] "PUT /api/v1/notes/62bd20641c00f702847e9c9c/isArchived HTTP/1.1" 500 22 "-" "PostmanRuntime/7.29.0"

info: ::1 - - [30/Jun/2022:12:46:55 +0000] "PUT /api/v1/notes/62bd20641c00f702847e9c9c/isArchived HTTP/1.1" 200 266 "-" "PostmanRuntime/7.29.0"

info: ::1 - - [30/Jun/2022:12:48:20 +0000] "PUT /api/v1/notes/62bd20641c00f702847e9c9c/isArchived HTTP/1.1" 200 62 "-" "PostmanRuntime/7.29.0"

info: ::1 - - [30/Jun/2022:12:48:43 +0000] "GET /api/v1/notes/ HTTP/1.1" 200 285 "-" "PostmanRuntime/7.29.0"

info: ::1 - - [30/Jun/2022:13:19:50 +0000] "PUT /api/v1/notes/62bd20641c00f702847e9c9c/isArchived HTTP/1.1" 200 62 "-" "PostmanRuntime/7.29.0"

info: ::1 - - [30/Jun/2022:13:20:02 +0000] "GET /api/v1/notes/ HTTP/1.1" 200 285 "-" "PostmanRuntime/7.29.0"

info: ::1 - - [30/Jun/2022:16:06:53 +0000] "POST /api/v1/notes/ HTTP/1.1" 201 259 "-" "PostmanRuntime/7.29.0"

info: ::1 - - [30/Jun/2022:16:08:09 +0000] "POST /api/v1/notes/ HTTP/1.1" 201 282 "-" "PostmanRuntime/7.29.0"

info: ::1 - - [30/Jun/2022:16:10:57 +0000] "PUT /api/v1/notes/62bdca69223e6f361c21672c/isArchived HTTP/1.1" 200 62 "-" "PostmanRuntime/7.29.0"

info: ::1 - - [30/Jun/2022:16:12:09 +0000] "PUT /api/v1/notes/62bdca69223e6f361c21672c/isArchived HTTP/1.1" 200 62 "-" "PostmanRuntime/7.29.0"

