info: ::1 - - [28/Jun/2022:02:53:40 +0000] "GET /api/v1/users/ HTTP/1.1" 200 1990 "-" "PostmanRuntime/7.29.0"

info: ::1 - - [28/Jun/2022:02:54:32 +0000] "POST /api/v1/users/login HTTP/1.1" 200 258 "-" "PostmanRuntime/7.29.0"

info: ::1 - - [28/Jun/2022:02:55:44 +0000] "POST /api/v1/users/login HTTP/1.1" 200 357 "-" "PostmanRuntime/7.29.0"

info: ::1 - - [28/Jun/2022:10:24:02 +0000] "POST /api/v1/ HTTP/1.1" 404 47 "-" "PostmanRuntime/7.29.0"

info: ::1 - - [28/Jun/2022:10:24:18 +0000] "GET /api/v1/ HTTP/1.1" 200 9 "-" "PostmanRuntime/7.29.0"

info: ::1 - - [28/Jun/2022:10:24:30 +0000] "POST /api/v1/users HTTP/1.1" 500 60 "-" "PostmanRuntime/7.29.0"

info: ::1 - - [28/Jun/2022:10:24:36 +0000] "GET /api/v1/users HTTP/1.1" 200 1990 "-" "PostmanRuntime/7.29.0"

info: ::1 - - [28/Jun/2022:10:26:45 +0000] "POST /api/v1/users HTTP/1.1" 201 316 "-" "PostmanRuntime/7.29.0"

info: ::1 - - [28/Jun/2022:10:27:11 +0000] "GET /api/v1/users/login HTTP/1.1" 400 56 "-" "PostmanRuntime/7.29.0"

info: ::1 - - [28/Jun/2022:10:28:55 +0000] "GET /api/v1/users/login HTTP/1.1" 400 56 "-" "PostmanRuntime/7.29.0"

info: ::1 - - [28/Jun/2022:10:29:05 +0000] "GET /api/v1/users/login HTTP/1.1" 400 56 "-" "PostmanRuntime/7.29.0"

info: ::1 - - [28/Jun/2022:10:29:14 +0000] "GET /api/v1/users HTTP/1.1" 200 2249 "-" "PostmanRuntime/7.29.0"

info: ::1 - - [28/Jun/2022:10:29:45 +0000] "GET /api/v1/users HTTP/1.1" 200 2249 "-" "PostmanRuntime/7.29.0"

info: ::1 - - [28/Jun/2022:10:29:57 +0000] "POST /api/v1/users/login HTTP/1.1" 200 356 "-" "PostmanRuntime/7.29.0"

info: ::1 - - [28/Jun/2022:10:31:36 +0000] "POST /api/v1/users/login HTTP/1.1" 200 389 "-" "PostmanRuntime/7.29.0"

info: ::1 - - [28/Jun/2022:10:34:40 +0000] "POST /api/v1/notes HTTP/1.1" 400 56 "-" "PostmanRuntime/7.29.0"

info: ::1 - - [28/Jun/2022:10:34:59 +0000] "GET /api/v1/notes HTTP/1.1" 404 47 "-" "PostmanRuntime/7.29.0"

info: ::1 - - [28/Jun/2022:10:35:06 +0000] "POST /api/v1/notes HTTP/1.1" 400 56 "-" "PostmanRuntime/7.29.0"

info: ::1 - - [28/Jun/2022:10:36:54 +0000] "POST /api/v1/notes HTTP/1.1" 400 56 "-" "PostmanRuntime/7.29.0"

info: ::1 - - [28/Jun/2022:10:36:56 +0000] "POST /api/v1/notes HTTP/1.1" 400 56 "-" "PostmanRuntime/7.29.0"

info: ::1 - - [28/Jun/2022:10:36:57 +0000] "POST /api/v1/notes HTTP/1.1" 400 56 "-" "PostmanRuntime/7.29.0"

info: ::1 - - [28/Jun/2022:10:36:58 +0000] "POST /api/v1/notes HTTP/1.1" 400 56 "-" "PostmanRuntime/7.29.0"

info: ::1 - - [28/Jun/2022:10:36:59 +0000] "POST /api/v1/notes HTTP/1.1" 400 56 "-" "PostmanRuntime/7.29.0"

info: ::1 - - [28/Jun/2022:10:37:01 +0000] "POST /api/v1/notes HTTP/1.1" 400 56 "-" "PostmanRuntime/7.29.0"

info: ::1 - - [28/Jun/2022:10:53:10 +0000] "POST /api/v1/notes HTTP/1.1" 201 248 "-" "PostmanRuntime/7.29.0"

info: ::1 - - [28/Jun/2022:11:29:51 +0000] "POST /api/v1/notes HTTP/1.1" 201 235 "-" "PostmanRuntime/7.29.0"

info: ::1 - - [28/Jun/2022:11:42:34 +0000] "GET /api/v1/notes HTTP/1.1" 200 247 "-" "PostmanRuntime/7.29.0"

info: ::1 - - [28/Jun/2022:11:42:57 +0000] "GET /api/v1/notes/ HTTP/1.1" 200 247 "-" "PostmanRuntime/7.29.0"

info: ::1 - - [28/Jun/2022:11:43:43 +0000] "POST /api/v1/notes HTTP/1.1" 201 239 "-" "PostmanRuntime/7.29.0"

info: ::1 - - [28/Jun/2022:11:44:28 +0000] "POST /api/v1/notes HTTP/1.1" 201 226 "-" "PostmanRuntime/7.29.0"

info: ::1 - - [28/Jun/2022:11:44:34 +0000] "GET /api/v1/notes HTTP/1.1" 200 238 "-" "PostmanRuntime/7.29.0"

info: ::1 - - [28/Jun/2022:11:44:47 +0000] "GET /api/v1/notes HTTP/1.1" 200 238 "-" "PostmanRuntime/7.29.0"

info: ::1 - - [28/Jun/2022:11:46:16 +0000] "GET /api/v1/notes HTTP/1.1" 500 22 "-" "PostmanRuntime/7.29.0"

info: ::1 - - [28/Jun/2022:11:46:47 +0000] "GET /api/v1/notes HTTP/1.1" 200 236 "-" "PostmanRuntime/7.29.0"

info: ::1 - - [28/Jun/2022:11:49:27 +0000] "GET /api/v1/notes HTTP/1.1" 200 258 "-" "PostmanRuntime/7.29.0"

info: ::1 - - [28/Jun/2022:11:49:47 +0000] "GET /api/v1/notes HTTP/1.1" 200 258 "-" "PostmanRuntime/7.29.0"

info: ::1 - - [28/Jun/2022:11:50:15 +0000] "GET /api/v1/notes HTTP/1.1" 200 804 "-" "PostmanRuntime/7.29.0"

info: ::1 - - [28/Jun/2022:12:00:09 +0000] "GET /api/v1/notes/62bae96f5995a02938b64936 HTTP/1.1" 500 22 "-" "PostmanRuntime/7.29.0"

info: ::1 - - [28/Jun/2022:12:00:38 +0000] "GET /api/v1/notes/62bae96f5995a02938b64936 HTTP/1.1" 500 22 "-" "PostmanRuntime/7.29.0"

info: ::1 - - [28/Jun/2022:12:01:16 +0000] "GET /api/v1/notes/62bae96f5995a02938b64936 HTTP/1.1" 500 22 "-" "PostmanRuntime/7.29.0"

info: ::1 - - [28/Jun/2022:12:01:24 +0000] "GET /api/v1/notes/ HTTP/1.1" 200 804 "-" "PostmanRuntime/7.29.0"

info: ::1 - - [28/Jun/2022:12:01:47 +0000] "GET /api/v1/notes/62bae99c5995a02938b64938 HTTP/1.1" 500 22 "-" "PostmanRuntime/7.29.0"

info: ::1 - - [28/Jun/2022:12:05:14 +0000] "GET /api/v1/notes/62bae99c5995a02938b64938 HTTP/1.1" 200 237 "-" "PostmanRuntime/7.29.0"

info: ::1 - - [28/Jun/2022:12:05:40 +0000] "GET /api/v1/notes/62bae99c5995a02938b64938 HTTP/1.1" 200 236 "-" "PostmanRuntime/7.29.0"

info: ::1 - - [28/Jun/2022:12:05:50 +0000] "GET /api/v1/notes/ HTTP/1.1" 200 804 "-" "PostmanRuntime/7.29.0"

info: ::1 - - [28/Jun/2022:12:06:04 +0000] "GET /api/v1/notes/62bae96f5995a02938b64936 HTTP/1.1" 200 249 "-" "PostmanRuntime/7.29.0"

info: ::1 - - [28/Jun/2022:12:12:18 +0000] "GET /api/v1/notes/62bae96f5995a02938b64936 HTTP/1.1" 200 249 "-" "PostmanRuntime/7.29.0"

info: ::1 - - [28/Jun/2022:12:13:03 +0000] "GET /api/v1/notes/62bae96f5995a02938b64936 HTTP/1.1" 200 249 "-" "PostmanRuntime/7.29.0"

info: ::1 - - [28/Jun/2022:12:14:33 +0000] "POST /api/v1/notes/62bae96f5995a02938b64936 HTTP/1.1" 404 47 "-" "PostmanRuntime/7.29.0"

info: ::1 - - [28/Jun/2022:12:14:49 +0000] "GET /api/v1/notes HTTP/1.1" 200 804 "-" "PostmanRuntime/7.29.0"

info: ::1 - - [28/Jun/2022:12:15:13 +0000] "POST /api/v1/notes/62bae96f5995a02938b64936 HTTP/1.1" 404 47 "-" "PostmanRuntime/7.29.0"

info: ::1 - - [28/Jun/2022:12:21:00 +0000] "POST /api/v1/notes/62bae96f5995a02938b64936 HTTP/1.1" 404 47 "-" "PostmanRuntime/7.29.0"

info: ::1 - - [28/Jun/2022:12:21:01 +0000] "POST /api/v1/notes/62bae96f5995a02938b64936 HTTP/1.1" 404 47 "-" "PostmanRuntime/7.29.0"

info: ::1 - - [28/Jun/2022:12:21:03 +0000] "POST /api/v1/notes/62bae96f5995a02938b64936 HTTP/1.1" 404 47 "-" "PostmanRuntime/7.29.0"

info: ::1 - - [28/Jun/2022:12:21:03 +0000] "POST /api/v1/notes/62bae96f5995a02938b64936 HTTP/1.1" 404 47 "-" "PostmanRuntime/7.29.0"

info: ::1 - - [28/Jun/2022:12:21:04 +0000] "POST /api/v1/notes/62bae96f5995a02938b64936 HTTP/1.1" 404 47 "-" "PostmanRuntime/7.29.0"

info: ::1 - - [28/Jun/2022:12:21:10 +0000] "GET /api/v1/notes/62bae96f5995a02938b64936 HTTP/1.1" 200 249 "-" "PostmanRuntime/7.29.0"

info: ::1 - - [28/Jun/2022:12:21:34 +0000] "POST /api/v1/notes/62bae96f5995a02938b64936 HTTP/1.1" 404 47 "-" "PostmanRuntime/7.29.0"

info: ::1 - - [28/Jun/2022:12:26:23 +0000] "GET /api/v1/notes/62bae96f5995a02938b64936 HTTP/1.1" 200 249 "-" "PostmanRuntime/7.29.0"

info: ::1 - - [28/Jun/2022:12:26:42 +0000] "PUT /api/v1/notes/62bae96f5995a02938b64936 HTTP/1.1" 202 259 "-" "PostmanRuntime/7.29.0"

info: ::1 - - [28/Jun/2022:12:34:21 +0000] "DELETE /api/v1/notes/62bae96f5995a02938b64936 HTTP/1.1" 200 60 "-" "PostmanRuntime/7.29.0"

